{"meta": {"format": 3, "version": "7.8.0", "timestamp": "2025-05-09T07:33:51.805422", "branch_coverage": false, "show_contexts": false}, "files": {"tests/__init__.py": {"executed_lines": [0], "summary": {"covered_lines": 0, "num_statements": 0, "percent_covered": 100.0, "percent_covered_display": "100", "missing_lines": 0, "excluded_lines": 0}, "missing_lines": [], "excluded_lines": [], "functions": {"": {"executed_lines": [], "summary": {"covered_lines": 0, "num_statements": 0, "percent_covered": 100.0, "percent_covered_display": "100", "missing_lines": 0, "excluded_lines": 0}, "missing_lines": [], "excluded_lines": []}}, "classes": {"": {"executed_lines": [], "summary": {"covered_lines": 0, "num_statements": 0, "percent_covered": 100.0, "percent_covered_display": "100", "missing_lines": 0, "excluded_lines": 0}, "missing_lines": [], "excluded_lines": []}}}, "tests/test_cli.py": {"executed_lines": [3, 4, 5, 6, 7, 8, 9, 10, 12, 13, 15, 17, 21, 23, 24, 26, 69, 70, 71, 72, 73, 75, 77, 78, 79, 80, 81, 83, 84, 85, 86, 88, 89, 90, 91, 92, 94, 95, 96, 97, 101, 102, 106, 107, 109, 110, 134, 135, 137, 138, 139, 140, 142, 143, 145, 161, 162, 164, 165, 166, 171, 174], "summary": {"covered_lines": 62, "num_statements": 66, "percent_covered": 93.93939393939394, "percent_covered_display": "94", "missing_lines": 4, "excluded_lines": 0}, "missing_lines": [82, 98, 99, 175], "excluded_lines": [], "functions": {"quiet_unlink": {"executed_lines": [70, 71, 72, 73], "summary": {"covered_lines": 4, "num_statements": 4, "percent_covered": 100.0, "percent_covered_display": "100", "missing_lines": 0, "excluded_lines": 0}, "missing_lines": [], "excluded_lines": []}, "parse_dry_output": {"executed_lines": [77, 78, 79, 80, 81, 83, 84, 85, 86], "summary": {"covered_lines": 9, "num_statements": 10, "percent_covered": 90.0, "percent_covered_display": "90", "missing_lines": 1, "excluded_lines": 0}, "missing_lines": [82], "excluded_lines": []}, "TestCLI.setUpClass": {"executed_lines": [91, 92], "summary": {"covered_lines": 2, "num_statements": 2, "percent_covered": 100.0, "percent_covered_display": "100", "missing_lines": 0, "excluded_lines": 0}, "missing_lines": [], "excluded_lines": []}, "TestCLI.tearDownClass": {"executed_lines": [96, 97], "summary": {"covered_lines": 2, "num_statements": 4, "percent_covered": 50.0, "percent_covered_display": "50", "missing_lines": 2, "excluded_lines": 0}, "missing_lines": [98, 99], "excluded_lines": []}, "TestCLI.test_info": {"executed_lines": [102, 106, 107], "summary": {"covered_lines": 3, "num_statements": 3, "percent_covered": 100.0, "percent_covered_display": "100", "missing_lines": 0, "excluded_lines": 0}, "missing_lines": [], "excluded_lines": []}, "TestCLI.test_run_dry": {"executed_lines": [110, 134, 135, 137, 138, 139, 140], "summary": {"covered_lines": 7, "num_statements": 7, "percent_covered": 100.0, "percent_covered_display": "100", "missing_lines": 0, "excluded_lines": 0}, "missing_lines": [], "excluded_lines": []}, "TestCLI.test_run": {"executed_lines": [143, 145, 161, 162, 164, 165, 166, 171], "summary": {"covered_lines": 8, "num_statements": 8, "percent_covered": 100.0, "percent_covered_display": "100", "missing_lines": 0, "excluded_lines": 0}, "missing_lines": [], "excluded_lines": []}, "": {"executed_lines": [3, 4, 5, 6, 7, 8, 9, 10, 12, 13, 15, 17, 21, 23, 24, 26, 69, 75, 88, 89, 90, 94, 95, 101, 109, 142, 174], "summary": {"covered_lines": 27, "num_statements": 28, "percent_covered": 96.42857142857143, "percent_covered_display": "96", "missing_lines": 1, "excluded_lines": 0}, "missing_lines": [175], "excluded_lines": []}}, "classes": {"TestCLI": {"executed_lines": [91, 92, 96, 97, 102, 106, 107, 110, 134, 135, 137, 138, 139, 140, 143, 145, 161, 162, 164, 165, 166, 171], "summary": {"covered_lines": 22, "num_statements": 24, "percent_covered": 91.66666666666667, "percent_covered_display": "92", "missing_lines": 2, "excluded_lines": 0}, "missing_lines": [98, 99], "excluded_lines": []}, "": {"executed_lines": [3, 4, 5, 6, 7, 8, 9, 10, 12, 13, 15, 17, 21, 23, 24, 26, 69, 70, 71, 72, 73, 75, 77, 78, 79, 80, 81, 83, 84, 85, 86, 88, 89, 90, 94, 95, 101, 109, 142, 174], "summary": {"covered_lines": 40, "num_statements": 42, "percent_covered": 95.23809523809524, "percent_covered_display": "95", "missing_lines": 2, "excluded_lines": 0}, "missing_lines": [82, 175], "excluded_lines": []}}}, "tests/test_filter.py": {"executed_lines": [3, 4, 5, 6, 7, 8, 9, 11, 13, 14, 15, 16, 18, 20, 22, 24, 27, 28, 32, 41, 42, 46, 52, 53, 57, 58, 60, 65, 67, 68, 69, 70, 71, 74, 75, 77, 83, 85, 86, 87, 88, 89, 91, 92, 93, 94, 95, 98, 99, 101, 108, 110, 111, 112, 113, 114, 117, 118, 120, 125, 127, 128, 129, 130, 131, 134, 135, 137, 143, 145, 146, 147, 148, 149, 151, 152, 153, 157, 158, 160, 167, 169, 171, 172, 173, 174, 175, 177, 180, 181, 183, 189, 190, 192, 194, 195, 197, 199, 201, 202, 204, 206, 208, 209, 211, 213, 215, 216, 218, 220, 222, 223, 225, 227, 229, 230, 232, 234, 236, 237, 239, 241, 243, 244, 246, 247, 248, 251, 254, 255, 260, 261, 263, 264, 266, 268, 270, 274, 275, 277, 279, 280, 282, 283, 284, 286, 288, 289, 291, 292, 295, 297, 300, 303, 304, 309, 310, 311, 312, 313, 314, 316, 317, 318, 319, 320, 322, 323, 324, 325, 326, 328, 329, 332, 335, 336, 337, 342, 350, 352, 355, 357, 359, 361, 363, 365, 366, 367, 368, 370, 372, 373, 378, 379, 380, 382, 384, 385, 390, 391, 392, 394, 396, 397, 402, 403, 404, 406, 408, 409, 414, 415, 416, 418, 420, 421, 426, 427, 428, 430, 432, 433, 438, 439, 440, 442, 444, 445, 450, 451, 452, 454, 456, 457, 462, 463, 464, 466, 468, 469, 474, 475, 478, 481, 482, 483, 504, 525, 526, 528, 529, 530, 531, 534, 535, 536, 539, 547, 557, 558, 559, 560, 563, 564, 565, 568, 576, 586, 587, 588, 589, 592, 593, 608, 609, 611, 613, 615, 617, 618, 619, 620, 621, 622, 623, 624, 625, 627, 628, 631, 632, 647, 648, 650, 652, 654, 656, 657, 658, 659, 660, 661, 662, 663, 664, 666, 667, 670, 671, 691, 692, 694, 695, 697, 698, 700, 702, 703, 704, 705, 706, 707, 708, 709, 710, 712, 713, 714, 717], "summary": {"covered_lines": 328, "num_statements": 351, "percent_covered": 93.44729344729345, "percent_covered_display": "93", "missing_lines": 23, "excluded_lines": 0}, "missing_lines": [29, 30, 33, 34, 36, 38, 43, 44, 47, 49, 338, 340, 537, 540, 541, 543, 545, 566, 569, 570, 572, 574, 718], "excluded_lines": [], "functions": {"FilterFromQueue.setup": {"executed_lines": [], "summary": {"covered_lines": 0, "num_statements": 2, "percent_covered": 0.0, "percent_covered_display": "0", "missing_lines": 2, "excluded_lines": 0}, "missing_lines": [29, 30], "excluded_lines": []}, "FilterFromQueue.process": {"executed_lines": [], "summary": {"covered_lines": 0, "num_statements": 4, "percent_covered": 0.0, "percent_covered_display": "0", "missing_lines": 4, "excluded_lines": 0}, "missing_lines": [33, 34, 36, 38], "excluded_lines": []}, "FilterToQueue.setup": {"executed_lines": [], "summary": {"covered_lines": 0, "num_statements": 2, "percent_covered": 0.0, "percent_covered_display": "0", "missing_lines": 2, "excluded_lines": 0}, "missing_lines": [43, 44], "excluded_lines": []}, "FilterToQueue.process": {"executed_lines": [], "summary": {"covered_lines": 0, "num_statements": 2, "percent_covered": 0.0, "percent_covered_display": "0", "missing_lines": 2, "excluded_lines": 0}, "missing_lines": [47, 49], "excluded_lines": []}, "TestFilterOld.test_topo_simple": {"executed_lines": [58, 60, 65, 67, 68, 69, 70, 71], "summary": {"covered_lines": 8, "num_statements": 8, "percent_covered": 100.0, "percent_covered_display": "100", "missing_lines": 0, "excluded_lines": 0}, "missing_lines": [], "excluded_lines": []}, "TestFilterOld.test_topo_tee": {"executed_lines": [75, 77, 83, 85, 86, 87, 88, 89, 91, 92, 93, 94, 95], "summary": {"covered_lines": 13, "num_statements": 13, "percent_covered": 100.0, "percent_covered_display": "100", "missing_lines": 0, "excluded_lines": 0}, "missing_lines": [], "excluded_lines": []}, "TestFilterOld.test_topo_tee_rejoin": {"executed_lines": [99, 101, 108, 110, 111, 112, 113, 114], "summary": {"covered_lines": 8, "num_statements": 8, "percent_covered": 100.0, "percent_covered_display": "100", "missing_lines": 0, "excluded_lines": 0}, "missing_lines": [], "excluded_lines": []}, "TestFilterOld.test_topo_ephemeral_simple": {"executed_lines": [118, 120, 125, 127, 128, 129, 130, 131], "summary": {"covered_lines": 8, "num_statements": 8, "percent_covered": 100.0, "percent_covered_display": "100", "missing_lines": 0, "excluded_lines": 0}, "missing_lines": [], "excluded_lines": []}, "TestFilterOld.test_topo_ephemeral_tee": {"executed_lines": [135, 137, 143, 145, 146, 147, 148, 149, 151, 152, 153], "summary": {"covered_lines": 11, "num_statements": 11, "percent_covered": 100.0, "percent_covered_display": "100", "missing_lines": 0, "excluded_lines": 0}, "missing_lines": [], "excluded_lines": []}, "TestFilterOld.test_topo_ephemeral_tee_rejoin": {"executed_lines": [158, 160, 167, 169, 171, 172, 173, 174, 175, 177], "summary": {"covered_lines": 10, "num_statements": 10, "percent_covered": 100.0, "percent_covered_display": "100", "missing_lines": 0, "excluded_lines": 0}, "missing_lines": [], "excluded_lines": []}, "TestFilterOld.test_topo_ephemeral_join_step": {"executed_lines": [181, 183, 189, 190, 192, 194, 195, 197, 199, 201, 202, 204, 206, 208, 209, 211, 213, 215, 216, 218, 220, 222, 223, 225, 227, 229, 230, 232, 234, 236, 237, 239, 241, 243, 244, 246, 247, 248, 251], "summary": {"covered_lines": 39, "num_statements": 39, "percent_covered": 100.0, "percent_covered_display": "100", "missing_lines": 0, "excluded_lines": 0}, "missing_lines": [], "excluded_lines": []}, "TestFilterOld.test_topo_doubly_ephemeral_tee_step": {"executed_lines": [255, 260, 261, 263, 264, 266, 268, 270, 274, 275, 277, 279, 280, 282, 283, 284, 286, 288, 289, 291, 292, 295, 297, 300], "summary": {"covered_lines": 24, "num_statements": 24, "percent_covered": 100.0, "percent_covered_display": "100", "missing_lines": 0, "excluded_lines": 0}, "missing_lines": [], "excluded_lines": []}, "TestFilterOld.test_topo_subscribe_wildcard_all_step": {"executed_lines": [304, 309, 310, 311, 312, 313, 314, 316, 317, 318, 319, 320, 322, 323, 324, 325, 326, 328, 329, 332], "summary": {"covered_lines": 20, "num_statements": 20, "percent_covered": 100.0, "percent_covered_display": "100", "missing_lines": 0, "excluded_lines": 0}, "missing_lines": [], "excluded_lines": []}, "TestFilterOld.test_topo_balance_step": {"executed_lines": [336, 337, 342, 350, 352, 365, 366, 367, 368, 370, 372, 373, 378, 379, 380, 382, 384, 385, 390, 391, 392, 394, 396, 397, 402, 403, 404, 406, 408, 409, 414, 415, 416, 418, 420, 421, 426, 427, 428, 430, 432, 433, 438, 439, 440, 442, 444, 445, 450, 451, 452, 454, 456, 457, 462, 463, 464, 466, 468, 469, 474, 475, 478], "summary": {"covered_lines": 63, "num_statements": 63, "percent_covered": 100.0, "percent_covered_display": "100", "missing_lines": 0, "excluded_lines": 0}, "missing_lines": [], "excluded_lines": []}, "TestFilterOld.test_topo_balance_step.MyFilter.process": {"executed_lines": [], "summary": {"covered_lines": 0, "num_statements": 2, "percent_covered": 0.0, "percent_covered_display": "0", "missing_lines": 2, "excluded_lines": 0}, "missing_lines": [338, 340], "excluded_lines": []}, "TestFilterOld.test_topo_balance_step.getworkerdatas": {"executed_lines": [355, 357, 359, 361, 363], "summary": {"covered_lines": 5, "num_statements": 5, "percent_covered": 100.0, "percent_covered_display": "100", "missing_lines": 0, "excluded_lines": 0}, "missing_lines": [], "excluded_lines": []}, "TestFilter.test_normalize_config": {"executed_lines": [483, 504, 525, 526, 528, 529, 530, 531], "summary": {"covered_lines": 8, "num_statements": 8, "percent_covered": 100.0, "percent_covered_display": "100", "missing_lines": 0, "excluded_lines": 0}, "missing_lines": [], "excluded_lines": []}, "TestFilter.test_process_return_none": {"executed_lines": [535, 536, 539, 547, 557, 558, 559, 560], "summary": {"covered_lines": 8, "num_statements": 8, "percent_covered": 100.0, "percent_covered_display": "100", "missing_lines": 0, "excluded_lines": 0}, "missing_lines": [], "excluded_lines": []}, "TestFilter.test_process_return_none.SendCountOrNone.setup": {"executed_lines": [], "summary": {"covered_lines": 0, "num_statements": 1, "percent_covered": 0.0, "percent_covered_display": "0", "missing_lines": 1, "excluded_lines": 0}, "missing_lines": [537], "excluded_lines": []}, "TestFilter.test_process_return_none.SendCountOrNone.process": {"executed_lines": [], "summary": {"covered_lines": 0, "num_statements": 4, "percent_covered": 0.0, "percent_covered_display": "0", "missing_lines": 4, "excluded_lines": 0}, "missing_lines": [540, 541, 543, 545], "excluded_lines": []}, "TestFilter.test_process_return_none_callback": {"executed_lines": [564, 565, 568, 576, 586, 587, 588, 589], "summary": {"covered_lines": 8, "num_statements": 8, "percent_covered": 100.0, "percent_covered_display": "100", "missing_lines": 0, "excluded_lines": 0}, "missing_lines": [], "excluded_lines": []}, "TestFilter.test_process_return_none_callback.SendCountOrNoneCB.setup": {"executed_lines": [], "summary": {"covered_lines": 0, "num_statements": 1, "percent_covered": 0.0, "percent_covered_display": "0", "missing_lines": 1, "excluded_lines": 0}, "missing_lines": [566], "excluded_lines": []}, "TestFilter.test_process_return_none_callback.SendCountOrNoneCB.process": {"executed_lines": [], "summary": {"covered_lines": 0, "num_statements": 4, "percent_covered": 0.0, "percent_covered_display": "0", "missing_lines": 4, "excluded_lines": 0}, "missing_lines": [569, 570, 572, 574], "excluded_lines": []}, "TestFilter.test_metrics_topic_subscribe": {"executed_lines": [593, 608, 609, 611, 613, 615, 617, 618, 619, 620, 621, 622, 623, 624, 625, 627, 628], "summary": {"covered_lines": 17, "num_statements": 17, "percent_covered": 100.0, "percent_covered_display": "100", "missing_lines": 0, "excluded_lines": 0}, "missing_lines": [], "excluded_lines": []}, "TestFilter.test_metrics_topic_wildcard": {"executed_lines": [632, 647, 648, 650, 652, 654, 656, 657, 658, 659, 660, 661, 662, 663, 664, 666, 667], "summary": {"covered_lines": 17, "num_statements": 17, "percent_covered": 100.0, "percent_covered_display": "100", "missing_lines": 0, "excluded_lines": 0}, "missing_lines": [], "excluded_lines": []}, "TestFilter.test_metrics_dedicated_sender": {"executed_lines": [671, 691, 692, 694, 695, 697, 698, 700, 702, 703, 704, 705, 706, 707, 708, 709, 710, 712, 713, 714], "summary": {"covered_lines": 20, "num_statements": 20, "percent_covered": 100.0, "percent_covered_display": "100", "missing_lines": 0, "excluded_lines": 0}, "missing_lines": [], "excluded_lines": []}, "": {"executed_lines": [3, 4, 5, 6, 7, 8, 9, 11, 13, 14, 15, 16, 18, 20, 22, 24, 27, 28, 32, 41, 42, 46, 52, 53, 57, 74, 98, 117, 134, 157, 180, 254, 303, 335, 481, 482, 534, 563, 592, 631, 670, 717], "summary": {"covered_lines": 41, "num_statements": 42, "percent_covered": 97.61904761904762, "percent_covered_display": "98", "missing_lines": 1, "excluded_lines": 0}, "missing_lines": [718], "excluded_lines": []}}, "classes": {"FilterFromQueue": {"executed_lines": [], "summary": {"covered_lines": 0, "num_statements": 6, "percent_covered": 0.0, "percent_covered_display": "0", "missing_lines": 6, "excluded_lines": 0}, "missing_lines": [29, 30, 33, 34, 36, 38], "excluded_lines": []}, "FilterToQueue": {"executed_lines": [], "summary": {"covered_lines": 0, "num_statements": 4, "percent_covered": 0.0, "percent_covered_display": "0", "missing_lines": 4, "excluded_lines": 0}, "missing_lines": [43, 44, 47, 49], "excluded_lines": []}, "TestFilterOld": {"executed_lines": [58, 60, 65, 67, 68, 69, 70, 71, 75, 77, 83, 85, 86, 87, 88, 89, 91, 92, 93, 94, 95, 99, 101, 108, 110, 111, 112, 113, 114, 118, 120, 125, 127, 128, 129, 130, 131, 135, 137, 143, 145, 146, 147, 148, 149, 151, 152, 153, 158, 160, 167, 169, 171, 172, 173, 174, 175, 177, 181, 183, 189, 190, 192, 194, 195, 197, 199, 201, 202, 204, 206, 208, 209, 211, 213, 215, 216, 218, 220, 222, 223, 225, 227, 229, 230, 232, 234, 236, 237, 239, 241, 243, 244, 246, 247, 248, 251, 255, 260, 261, 263, 264, 266, 268, 270, 274, 275, 277, 279, 280, 282, 283, 284, 286, 288, 289, 291, 292, 295, 297, 300, 304, 309, 310, 311, 312, 313, 314, 316, 317, 318, 319, 320, 322, 323, 324, 325, 326, 328, 329, 332, 336, 337, 342, 350, 352, 355, 357, 359, 361, 363, 365, 366, 367, 368, 370, 372, 373, 378, 379, 380, 382, 384, 385, 390, 391, 392, 394, 396, 397, 402, 403, 404, 406, 408, 409, 414, 415, 416, 418, 420, 421, 426, 427, 428, 430, 432, 433, 438, 439, 440, 442, 444, 445, 450, 451, 452, 454, 456, 457, 462, 463, 464, 466, 468, 469, 474, 475, 478], "summary": {"covered_lines": 209, "num_statements": 209, "percent_covered": 100.0, "percent_covered_display": "100", "missing_lines": 0, "excluded_lines": 0}, "missing_lines": [], "excluded_lines": []}, "TestFilterOld.test_topo_balance_step.MyFilter": {"executed_lines": [], "summary": {"covered_lines": 0, "num_statements": 2, "percent_covered": 0.0, "percent_covered_display": "0", "missing_lines": 2, "excluded_lines": 0}, "missing_lines": [338, 340], "excluded_lines": []}, "TestFilter": {"executed_lines": [483, 504, 525, 526, 528, 529, 530, 531, 535, 536, 539, 547, 557, 558, 559, 560, 564, 565, 568, 576, 586, 587, 588, 589, 593, 608, 609, 611, 613, 615, 617, 618, 619, 620, 621, 622, 623, 624, 625, 627, 628, 632, 647, 648, 650, 652, 654, 656, 657, 658, 659, 660, 661, 662, 663, 664, 666, 667, 671, 691, 692, 694, 695, 697, 698, 700, 702, 703, 704, 705, 706, 707, 708, 709, 710, 712, 713, 714], "summary": {"covered_lines": 78, "num_statements": 78, "percent_covered": 100.0, "percent_covered_display": "100", "missing_lines": 0, "excluded_lines": 0}, "missing_lines": [], "excluded_lines": []}, "TestFilter.test_process_return_none.SendCountOrNone": {"executed_lines": [], "summary": {"covered_lines": 0, "num_statements": 5, "percent_covered": 0.0, "percent_covered_display": "0", "missing_lines": 5, "excluded_lines": 0}, "missing_lines": [537, 540, 541, 543, 545], "excluded_lines": []}, "TestFilter.test_process_return_none_callback.SendCountOrNoneCB": {"executed_lines": [], "summary": {"covered_lines": 0, "num_statements": 5, "percent_covered": 0.0, "percent_covered_display": "0", "missing_lines": 5, "excluded_lines": 0}, "missing_lines": [566, 569, 570, 572, 574], "excluded_lines": []}, "": {"executed_lines": [3, 4, 5, 6, 7, 8, 9, 11, 13, 14, 15, 16, 18, 20, 22, 24, 27, 28, 32, 41, 42, 46, 52, 53, 57, 74, 98, 117, 134, 157, 180, 254, 303, 335, 481, 482, 534, 563, 592, 631, 670, 717], "summary": {"covered_lines": 41, "num_statements": 42, "percent_covered": 97.61904761904762, "percent_covered_display": "98", "missing_lines": 1, "excluded_lines": 0}, "missing_lines": [718], "excluded_lines": []}}}, "tests/test_filter_util.py": {"executed_lines": [3, 4, 5, 6, 7, 9, 10, 11, 12, 14, 16, 18, 20, 23, 24, 25, 26, 27, 28, 29, 30, 31, 32, 33, 34, 35, 36, 37, 38, 39, 40, 41, 42, 45, 46, 47, 52, 60, 61, 63, 64, 65, 66, 69, 70, 86, 87, 89, 90, 91, 93, 95, 96, 98, 99, 100, 103, 104, 120, 121, 123, 124, 125, 127, 129, 130, 132, 133, 134, 137, 138, 156, 157, 159, 160, 161, 162, 164, 165, 166, 168, 169, 170, 171, 173, 174, 175, 176, 178, 179, 180, 181, 183, 184, 187, 188, 206, 207, 209, 210, 211, 213, 214, 216, 217, 218, 219, 221, 222, 223, 224, 226, 227, 230, 231, 249, 250, 252, 253, 254, 255, 256, 258, 259, 260, 261, 263, 264, 265, 266, 268, 269, 270, 271, 273, 274, 275, 276, 278, 279, 280, 281, 283, 284, 287, 288, 306, 307, 309, 310, 311, 312, 313, 315, 316, 317, 318, 320, 321, 322, 323, 325, 326, 327, 328, 330, 331, 332, 333, 335, 336, 337, 338, 340, 341, 344, 345, 363, 364, 366, 367, 368, 369, 370, 372, 373, 374, 375, 377, 378, 379, 380, 382, 383, 384, 385, 387, 388, 389, 390, 392, 393, 394, 395, 397, 398, 401, 402, 420, 421, 423, 424, 425, 426, 427, 429, 430, 431, 432, 434, 435, 436, 437, 439, 440, 441, 442, 444, 445, 446, 447, 449, 450, 451, 452, 454, 455, 458, 459, 477, 478, 480, 481, 482, 483, 484, 486, 487, 488, 489, 491, 492, 493, 494, 496, 497, 498, 499, 501, 502, 503, 504, 506, 507, 508, 509, 511, 512, 515, 516, 534, 535, 537, 538, 539, 540, 541, 543, 544, 545, 546, 548, 549, 550, 551, 553, 554, 555, 556, 558, 559, 560, 561, 563, 564, 565, 566, 568, 569, 572], "summary": {"covered_lines": 300, "num_statements": 301, "percent_covered": 99.66777408637874, "percent_covered_display": "99", "missing_lines": 1, "excluded_lines": 0}, "missing_lines": [574], "excluded_lines": [], "functions": {"TestUtil.test_normalize_config": {"executed_lines": [47, 52, 60, 61, 63, 64, 65, 66], "summary": {"covered_lines": 8, "num_statements": 8, "percent_covered": 100.0, "percent_covered_display": "100", "missing_lines": 0, "excluded_lines": 0}, "missing_lines": [], "excluded_lines": []}, "TestUtil.test_sleep": {"executed_lines": [70, 86, 87, 89, 90, 91, 93, 95, 96, 98, 99, 100], "summary": {"covered_lines": 12, "num_statements": 12, "percent_covered": 100.0, "percent_covered_display": "100", "missing_lines": 0, "excluded_lines": 0}, "missing_lines": [], "excluded_lines": []}, "TestUtil.test_maxfps": {"executed_lines": [104, 120, 121, 123, 124, 125, 127, 129, 130, 132, 133, 134], "summary": {"covered_lines": 12, "num_statements": 12, "percent_covered": 100.0, "percent_covered_display": "100", "missing_lines": 0, "excluded_lines": 0}, "missing_lines": [], "excluded_lines": []}, "TestUtil.test_xforms_flip": {"executed_lines": [138, 156, 157, 159, 160, 161, 162, 164, 165, 166, 168, 169, 170, 171, 173, 174, 175, 176, 178, 179, 180, 181, 183, 184], "summary": {"covered_lines": 24, "num_statements": 24, "percent_covered": 100.0, "percent_covered_display": "100", "missing_lines": 0, "excluded_lines": 0}, "missing_lines": [], "excluded_lines": []}, "TestUtil.test_xforms_rot": {"executed_lines": [188, 206, 207, 209, 210, 211, 213, 214, 216, 217, 218, 219, 221, 222, 223, 224, 226, 227], "summary": {"covered_lines": 18, "num_statements": 18, "percent_covered": 100.0, "percent_covered_display": "100", "missing_lines": 0, "excluded_lines": 0}, "missing_lines": [], "excluded_lines": []}, "TestUtil.test_xforms_swap_fmt": {"executed_lines": [231, 249, 250, 252, 253, 254, 255, 256, 258, 259, 260, 261, 263, 264, 265, 266, 268, 269, 270, 271, 273, 274, 275, 276, 278, 279, 280, 281, 283, 284], "summary": {"covered_lines": 30, "num_statements": 30, "percent_covered": 100.0, "percent_covered_display": "100", "missing_lines": 0, "excluded_lines": 0}, "missing_lines": [], "excluded_lines": []}, "TestUtil.test_xforms_swap_fmt_from_gray": {"executed_lines": [288, 306, 307, 309, 310, 311, 312, 313, 315, 316, 317, 318, 320, 321, 322, 323, 325, 326, 327, 328, 330, 331, 332, 333, 335, 336, 337, 338, 340, 341], "summary": {"covered_lines": 30, "num_statements": 30, "percent_covered": 100.0, "percent_covered_display": "100", "missing_lines": 0, "excluded_lines": 0}, "missing_lines": [], "excluded_lines": []}, "TestUtil.test_xforms_resize": {"executed_lines": [345, 363, 364, 366, 367, 368, 369, 370, 372, 373, 374, 375, 377, 378, 379, 380, 382, 383, 384, 385, 387, 388, 389, 390, 392, 393, 394, 395, 397, 398], "summary": {"covered_lines": 30, "num_statements": 30, "percent_covered": 100.0, "percent_covered_display": "100", "missing_lines": 0, "excluded_lines": 0}, "missing_lines": [], "excluded_lines": []}, "TestUtil.test_xforms_maxsize": {"executed_lines": [402, 420, 421, 423, 424, 425, 426, 427, 429, 430, 431, 432, 434, 435, 436, 437, 439, 440, 441, 442, 444, 445, 446, 447, 449, 450, 451, 452, 454, 455], "summary": {"covered_lines": 30, "num_statements": 30, "percent_covered": 100.0, "percent_covered_display": "100", "missing_lines": 0, "excluded_lines": 0}, "missing_lines": [], "excluded_lines": []}, "TestUtil.test_xforms_minsize": {"executed_lines": [459, 477, 478, 480, 481, 482, 483, 484, 486, 487, 488, 489, 491, 492, 493, 494, 496, 497, 498, 499, 501, 502, 503, 504, 506, 507, 508, 509, 511, 512], "summary": {"covered_lines": 30, "num_statements": 30, "percent_covered": 100.0, "percent_covered_display": "100", "missing_lines": 0, "excluded_lines": 0}, "missing_lines": [], "excluded_lines": []}, "TestUtil.test_xforms_box": {"executed_lines": [516, 534, 535, 537, 538, 539, 540, 541, 543, 544, 545, 546, 548, 549, 550, 551, 553, 554, 555, 556, 558, 559, 560, 561, 563, 564, 565, 566, 568, 569], "summary": {"covered_lines": 30, "num_statements": 30, "percent_covered": 100.0, "percent_covered_display": "100", "missing_lines": 0, "excluded_lines": 0}, "missing_lines": [], "excluded_lines": []}, "": {"executed_lines": [3, 4, 5, 6, 7, 9, 10, 11, 12, 14, 16, 18, 20, 23, 24, 25, 26, 27, 28, 29, 30, 31, 32, 33, 34, 35, 36, 37, 38, 39, 40, 41, 42, 45, 46, 69, 103, 137, 187, 230, 287, 344, 401, 458, 515, 572], "summary": {"covered_lines": 46, "num_statements": 47, "percent_covered": 97.87234042553192, "percent_covered_display": "98", "missing_lines": 1, "excluded_lines": 0}, "missing_lines": [574], "excluded_lines": []}}, "classes": {"TestUtil": {"executed_lines": [47, 52, 60, 61, 63, 64, 65, 66, 70, 86, 87, 89, 90, 91, 93, 95, 96, 98, 99, 100, 104, 120, 121, 123, 124, 125, 127, 129, 130, 132, 133, 134, 138, 156, 157, 159, 160, 161, 162, 164, 165, 166, 168, 169, 170, 171, 173, 174, 175, 176, 178, 179, 180, 181, 183, 184, 188, 206, 207, 209, 210, 211, 213, 214, 216, 217, 218, 219, 221, 222, 223, 224, 226, 227, 231, 249, 250, 252, 253, 254, 255, 256, 258, 259, 260, 261, 263, 264, 265, 266, 268, 269, 270, 271, 273, 274, 275, 276, 278, 279, 280, 281, 283, 284, 288, 306, 307, 309, 310, 311, 312, 313, 315, 316, 317, 318, 320, 321, 322, 323, 325, 326, 327, 328, 330, 331, 332, 333, 335, 336, 337, 338, 340, 341, 345, 363, 364, 366, 367, 368, 369, 370, 372, 373, 374, 375, 377, 378, 379, 380, 382, 383, 384, 385, 387, 388, 389, 390, 392, 393, 394, 395, 397, 398, 402, 420, 421, 423, 424, 425, 426, 427, 429, 430, 431, 432, 434, 435, 436, 437, 439, 440, 441, 442, 444, 445, 446, 447, 449, 450, 451, 452, 454, 455, 459, 477, 478, 480, 481, 482, 483, 484, 486, 487, 488, 489, 491, 492, 493, 494, 496, 497, 498, 499, 501, 502, 503, 504, 506, 507, 508, 509, 511, 512, 516, 534, 535, 537, 538, 539, 540, 541, 543, 544, 545, 546, 548, 549, 550, 551, 553, 554, 555, 556, 558, 559, 560, 561, 563, 564, 565, 566, 568, 569], "summary": {"covered_lines": 254, "num_statements": 254, "percent_covered": 100.0, "percent_covered_display": "100", "missing_lines": 0, "excluded_lines": 0}, "missing_lines": [], "excluded_lines": []}, "": {"executed_lines": [3, 4, 5, 6, 7, 9, 10, 11, 12, 14, 16, 18, 20, 23, 24, 25, 26, 27, 28, 29, 30, 31, 32, 33, 34, 35, 36, 37, 38, 39, 40, 41, 42, 45, 46, 69, 103, 137, 187, 230, 287, 344, 401, 458, 515, 572], "summary": {"covered_lines": 46, "num_statements": 47, "percent_covered": 97.87234042553192, "percent_covered_display": "98", "missing_lines": 1, "excluded_lines": 0}, "missing_lines": [574], "excluded_lines": []}}}, "tests/test_filter_video_in.py": {"executed_lines": [3, 4, 5, 6, 8, 9, 10, 11, 13, 15, 17, 19, 21, 23, 65, 66, 67, 70, 71, 72, 73, 74, 76, 77, 78, 79, 84, 85, 86, 91, 92, 94, 95, 96, 97, 100, 101, 112, 113, 114, 115, 116, 117, 118, 119, 120, 121, 122, 125, 126, 129, 130, 141, 142, 143, 146, 147, 149, 160, 161, 162, 165, 166, 169, 170, 181, 182, 183, 185, 187, 188, 191, 192, 195, 196, 207, 208, 209, 210, 211, 212, 213, 214, 215, 216, 217, 220, 221, 224, 225, 236, 237, 238, 239, 241, 242, 245, 246, 249, 250, 261, 262, 265, 266, 268, 279, 280, 283, 284, 286, 297, 298, 301, 302, 304, 315, 316, 319, 320, 323, 324, 335, 336, 339, 340, 342, 353, 354, 357, 358, 360, 371, 372, 375, 376, 378, 389, 390, 393, 394, 397, 398, 412, 413, 414, 415, 427, 428, 429, 431, 432, 433, 434, 435, 436, 437, 438, 439, 442, 443, 446, 447, 462, 463, 464, 465, 466, 467, 468, 469, 470, 471, 474, 475, 477, 493, 494, 495, 496, 498, 499, 500, 501, 502, 503, 504, 507, 508, 511], "summary": {"covered_lines": 189, "num_statements": 192, "percent_covered": 98.4375, "percent_covered_display": "98", "missing_lines": 3, "excluded_lines": 0}, "missing_lines": [80, 81, 512], "excluded_lines": [], "functions": {"TestVideoIn.setUpClass": {"executed_lines": [73, 74], "summary": {"covered_lines": 2, "num_statements": 2, "percent_covered": 100.0, "percent_covered_display": "100", "missing_lines": 0, "excluded_lines": 0}, "missing_lines": [], "excluded_lines": []}, "TestVideoIn.tearDownClass": {"executed_lines": [78, 79], "summary": {"covered_lines": 2, "num_statements": 4, "percent_covered": 50.0, "percent_covered_display": "50", "missing_lines": 2, "excluded_lines": 0}, "missing_lines": [80, 81], "excluded_lines": []}, "TestVideoIn.test_normalize_config": {"executed_lines": [85, 86, 91, 92, 94, 95, 96, 97], "summary": {"covered_lines": 8, "num_statements": 8, "percent_covered": 100.0, "percent_covered_display": "100", "missing_lines": 0, "excluded_lines": 0}, "missing_lines": [], "excluded_lines": []}, "TestVideoIn.test_read": {"executed_lines": [101, 112, 113, 114, 115, 116, 117, 118, 119, 120, 121, 122, 125, 126], "summary": {"covered_lines": 14, "num_statements": 14, "percent_covered": 100.0, "percent_covered_display": "100", "missing_lines": 0, "excluded_lines": 0}, "missing_lines": [], "excluded_lines": []}, "TestVideoIn.test_bgr": {"executed_lines": [130, 141, 142, 143, 146, 147, 149, 160, 161, 162, 165, 166], "summary": {"covered_lines": 12, "num_statements": 12, "percent_covered": 100.0, "percent_covered_display": "100", "missing_lines": 0, "excluded_lines": 0}, "missing_lines": [], "excluded_lines": []}, "TestVideoIn.test_sync": {"executed_lines": [170, 181, 182, 183, 185, 187, 188, 191, 192], "summary": {"covered_lines": 9, "num_statements": 9, "percent_covered": 100.0, "percent_covered_display": "100", "missing_lines": 0, "excluded_lines": 0}, "missing_lines": [], "excluded_lines": []}, "TestVideoIn.test_loop": {"executed_lines": [196, 207, 208, 209, 210, 211, 212, 213, 214, 215, 216, 217, 220, 221], "summary": {"covered_lines": 14, "num_statements": 14, "percent_covered": 100.0, "percent_covered_display": "100", "missing_lines": 0, "excluded_lines": 0}, "missing_lines": [], "excluded_lines": []}, "TestVideoIn.test_maxfps": {"executed_lines": [225, 236, 237, 238, 239, 241, 242, 245, 246], "summary": {"covered_lines": 9, "num_statements": 9, "percent_covered": 100.0, "percent_covered_display": "100", "missing_lines": 0, "excluded_lines": 0}, "missing_lines": [], "excluded_lines": []}, "TestVideoIn.test_resize": {"executed_lines": [250, 261, 262, 265, 266, 268, 279, 280, 283, 284, 286, 297, 298, 301, 302, 304, 315, 316, 319, 320], "summary": {"covered_lines": 20, "num_statements": 20, "percent_covered": 100.0, "percent_covered_display": "100", "missing_lines": 0, "excluded_lines": 0}, "missing_lines": [], "excluded_lines": []}, "TestVideoIn.test_maxsize": {"executed_lines": [324, 335, 336, 339, 340, 342, 353, 354, 357, 358, 360, 371, 372, 375, 376, 378, 389, 390, 393, 394], "summary": {"covered_lines": 20, "num_statements": 20, "percent_covered": 100.0, "percent_covered_display": "100", "missing_lines": 0, "excluded_lines": 0}, "missing_lines": [], "excluded_lines": []}, "TestVideoIn.test_multiple_videos": {"executed_lines": [398, 412, 413, 414, 415, 427, 428, 429, 431, 432, 433, 434, 435, 436, 437, 438, 439, 442, 443], "summary": {"covered_lines": 19, "num_statements": 19, "percent_covered": 100.0, "percent_covered_display": "100", "missing_lines": 0, "excluded_lines": 0}, "missing_lines": [], "excluded_lines": []}, "TestVideoIn.test_config_params": {"executed_lines": [447, 462, 463, 464, 465, 466, 467, 468, 469, 470, 471, 474, 475, 477, 493, 494, 495, 496, 498, 499, 500, 501, 502, 503, 504, 507, 508], "summary": {"covered_lines": 27, "num_statements": 27, "percent_covered": 100.0, "percent_covered_display": "100", "missing_lines": 0, "excluded_lines": 0}, "missing_lines": [], "excluded_lines": []}, "": {"executed_lines": [3, 4, 5, 6, 8, 9, 10, 11, 13, 15, 17, 19, 21, 23, 65, 66, 67, 70, 71, 72, 76, 77, 84, 100, 129, 169, 195, 224, 249, 323, 397, 446, 511], "summary": {"covered_lines": 33, "num_statements": 34, "percent_covered": 97.05882352941177, "percent_covered_display": "97", "missing_lines": 1, "excluded_lines": 0}, "missing_lines": [512], "excluded_lines": []}}, "classes": {"TestVideoIn": {"executed_lines": [73, 74, 78, 79, 85, 86, 91, 92, 94, 95, 96, 97, 101, 112, 113, 114, 115, 116, 117, 118, 119, 120, 121, 122, 125, 126, 130, 141, 142, 143, 146, 147, 149, 160, 161, 162, 165, 166, 170, 181, 182, 183, 185, 187, 188, 191, 192, 196, 207, 208, 209, 210, 211, 212, 213, 214, 215, 216, 217, 220, 221, 225, 236, 237, 238, 239, 241, 242, 245, 246, 250, 261, 262, 265, 266, 268, 279, 280, 283, 284, 286, 297, 298, 301, 302, 304, 315, 316, 319, 320, 324, 335, 336, 339, 340, 342, 353, 354, 357, 358, 360, 371, 372, 375, 376, 378, 389, 390, 393, 394, 398, 412, 413, 414, 415, 427, 428, 429, 431, 432, 433, 434, 435, 436, 437, 438, 439, 442, 443, 447, 462, 463, 464, 465, 466, 467, 468, 469, 470, 471, 474, 475, 477, 493, 494, 495, 496, 498, 499, 500, 501, 502, 503, 504, 507, 508], "summary": {"covered_lines": 156, "num_statements": 158, "percent_covered": 98.73417721518987, "percent_covered_display": "99", "missing_lines": 2, "excluded_lines": 0}, "missing_lines": [80, 81], "excluded_lines": []}, "": {"executed_lines": [3, 4, 5, 6, 8, 9, 10, 11, 13, 15, 17, 19, 21, 23, 65, 66, 67, 70, 71, 72, 76, 77, 84, 100, 129, 169, 195, 224, 249, 323, 397, 446, 511], "summary": {"covered_lines": 33, "num_statements": 34, "percent_covered": 97.05882352941177, "percent_covered_display": "97", "missing_lines": 1, "excluded_lines": 0}, "missing_lines": [512], "excluded_lines": []}}}, "tests/test_filter_video_out.py": {"executed_lines": [3, 4, 5, 6, 7, 8, 10, 11, 12, 13, 15, 16, 18, 20, 22, 24, 25, 26, 30, 31, 32, 35, 36, 37, 39, 40, 41, 44, 45, 46, 48, 49, 50, 52, 53, 54, 57, 59, 62, 65, 66, 67, 68, 72, 73, 75, 76, 77, 78, 81, 82, 84, 85, 96, 97, 98, 99, 100, 102, 104, 106, 107, 109, 110, 111, 112, 113, 116, 117, 120, 123, 124, 126, 127, 138, 139, 140, 142, 144, 146, 147, 150, 151, 154, 156, 158, 159, 170, 171, 172, 174, 176, 178, 179, 182, 183, 186, 189, 190, 191, 193, 194, 205, 206, 207, 209, 211, 213, 216, 217, 220, 223, 224, 226, 227, 228, 230, 241, 242, 243, 244, 245, 246, 248, 250, 252, 254, 255, 256, 257, 258, 259, 260, 261, 263, 267, 268, 271, 273, 276, 277, 279, 280, 291, 292, 293, 294, 295, 297, 299, 301, 302, 304, 306, 307, 309, 311, 312, 315, 316, 319, 322, 323, 325, 326, 340, 341, 342, 343, 344, 346, 348, 350, 351, 353, 355, 356, 358, 360, 361, 364, 365, 368, 371], "summary": {"covered_lines": 184, "num_statements": 188, "percent_covered": 97.87234042553192, "percent_covered_display": "98", "missing_lines": 4, "excluded_lines": 0}, "missing_lines": [27, 28, 55, 372], "excluded_lines": [], "functions": {"read_video": {"executed_lines": [45, 46, 48, 49, 50, 52, 53, 54, 57, 59, 62], "summary": {"covered_lines": 11, "num_statements": 12, "percent_covered": 91.66666666666667, "percent_covered_display": "92", "missing_lines": 1, "excluded_lines": 0}, "missing_lines": [55], "excluded_lines": []}, "TestVideoOut.test_normalize_config": {"executed_lines": [67, 68, 72, 73, 75, 76, 77, 78], "summary": {"covered_lines": 8, "num_statements": 8, "percent_covered": 100.0, "percent_covered_display": "100", "missing_lines": 0, "excluded_lines": 0}, "missing_lines": [], "excluded_lines": []}, "TestVideoOut.test_write": {"executed_lines": [82, 84, 85, 96, 97, 98, 99, 100, 102, 104, 106, 107, 109, 110, 111, 112, 113, 116, 117, 120], "summary": {"covered_lines": 20, "num_statements": 20, "percent_covered": 100.0, "percent_covered_display": "100", "missing_lines": 0, "excluded_lines": 0}, "missing_lines": [], "excluded_lines": []}, "TestVideoOut.test_bgr": {"executed_lines": [124, 126, 127, 138, 139, 140, 142, 144, 146, 147, 150, 151, 154, 156, 158, 159, 170, 171, 172, 174, 176, 178, 179, 182, 183, 186], "summary": {"covered_lines": 26, "num_statements": 26, "percent_covered": 100.0, "percent_covered_display": "100", "missing_lines": 0, "excluded_lines": 0}, "missing_lines": [], "excluded_lines": []}, "TestVideoOut.test_fps": {"executed_lines": [191, 193, 194, 205, 206, 207, 209, 211, 213, 216, 217, 220], "summary": {"covered_lines": 12, "num_statements": 12, "percent_covered": 100.0, "percent_covered_display": "100", "missing_lines": 0, "excluded_lines": 0}, "missing_lines": [], "excluded_lines": []}, "TestVideoOut.test_fps_adaptive": {"executed_lines": [224, 226, 227, 228, 230, 241, 242, 243, 244, 245, 246, 248, 250, 252, 254, 255, 256, 257, 258, 259, 260, 261, 263, 267, 268, 271, 273], "summary": {"covered_lines": 27, "num_statements": 27, "percent_covered": 100.0, "percent_covered_display": "100", "missing_lines": 0, "excluded_lines": 0}, "missing_lines": [], "excluded_lines": []}, "TestVideoOut.test_segtime": {"executed_lines": [277, 279, 280, 291, 292, 293, 294, 295, 297, 299, 301, 302, 304, 306, 307, 309, 311, 312, 315, 316, 319], "summary": {"covered_lines": 21, "num_statements": 21, "percent_covered": 100.0, "percent_covered_display": "100", "missing_lines": 0, "excluded_lines": 0}, "missing_lines": [], "excluded_lines": []}, "TestVideoOut.test_config_params": {"executed_lines": [323, 325, 326, 340, 341, 342, 343, 344, 346, 348, 350, 351, 353, 355, 356, 358, 360, 361, 364, 365, 368], "summary": {"covered_lines": 21, "num_statements": 21, "percent_covered": 100.0, "percent_covered_display": "100", "missing_lines": 0, "excluded_lines": 0}, "missing_lines": [], "excluded_lines": []}, "": {"executed_lines": [3, 4, 5, 6, 7, 8, 10, 11, 12, 13, 15, 16, 18, 20, 22, 24, 25, 26, 30, 31, 32, 35, 36, 37, 39, 40, 41, 44, 65, 66, 81, 123, 189, 190, 223, 276, 322, 371], "summary": {"covered_lines": 38, "num_statements": 41, "percent_covered": 92.6829268292683, "percent_covered_display": "93", "missing_lines": 3, "excluded_lines": 0}, "missing_lines": [27, 28, 372], "excluded_lines": []}}, "classes": {"TestVideoOut": {"executed_lines": [67, 68, 72, 73, 75, 76, 77, 78, 82, 84, 85, 96, 97, 98, 99, 100, 102, 104, 106, 107, 109, 110, 111, 112, 113, 116, 117, 120, 124, 126, 127, 138, 139, 140, 142, 144, 146, 147, 150, 151, 154, 156, 158, 159, 170, 171, 172, 174, 176, 178, 179, 182, 183, 186, 191, 193, 194, 205, 206, 207, 209, 211, 213, 216, 217, 220, 224, 226, 227, 228, 230, 241, 242, 243, 244, 245, 246, 248, 250, 252, 254, 255, 256, 257, 258, 259, 260, 261, 263, 267, 268, 271, 273, 277, 279, 280, 291, 292, 293, 294, 295, 297, 299, 301, 302, 304, 306, 307, 309, 311, 312, 315, 316, 319, 323, 325, 326, 340, 341, 342, 343, 344, 346, 348, 350, 351, 353, 355, 356, 358, 360, 361, 364, 365, 368], "summary": {"covered_lines": 135, "num_statements": 135, "percent_covered": 100.0, "percent_covered_display": "100", "missing_lines": 0, "excluded_lines": 0}, "missing_lines": [], "excluded_lines": []}, "": {"executed_lines": [3, 4, 5, 6, 7, 8, 10, 11, 12, 13, 15, 16, 18, 20, 22, 24, 25, 26, 30, 31, 32, 35, 36, 37, 39, 40, 41, 44, 45, 46, 48, 49, 50, 52, 53, 54, 57, 59, 62, 65, 66, 81, 123, 189, 190, 223, 276, 322, 371], "summary": {"covered_lines": 49, "num_statements": 53, "percent_covered": 92.45283018867924, "percent_covered_display": "92", "missing_lines": 4, "excluded_lines": 0}, "missing_lines": [27, 28, 55, 372], "excluded_lines": []}}}, "tests/test_filters.py": {"executed_lines": [3, 4, 5, 7, 8, 9, 10, 11, 13, 15, 18, 19, 21, 22, 23, 27, 28, 30, 31, 32, 33, 35, 39, 41, 43, 45, 47, 49, 51, 53, 55, 57, 59, 61, 68, 69, 70, 72, 73, 75, 76, 77, 78, 81, 82, 83, 88, 89, 91, 92, 93, 94, 96, 97, 98, 99, 100, 102, 103, 104, 105, 108], "summary": {"covered_lines": 61, "num_statements": 62, "percent_covered": 98.38709677419355, "percent_covered_display": "98", "missing_lines": 1, "excluded_lines": 0}, "missing_lines": [109], "excluded_lines": [], "functions": {"TestFilters.test_mqtt_normalize_config": {"executed_lines": [22, 23, 27, 28, 30, 31, 32, 33, 35, 39, 41, 43, 45, 47, 49, 51, 53, 55, 57, 59, 61], "summary": {"covered_lines": 21, "num_statements": 21, "percent_covered": 100.0, "percent_covered_display": "100", "missing_lines": 0, "excluded_lines": 0}, "missing_lines": [], "excluded_lines": []}, "TestFilters.test_recorder_normalize_config": {"executed_lines": [69, 70, 72, 73, 75, 76, 77, 78], "summary": {"covered_lines": 8, "num_statements": 8, "percent_covered": 100.0, "percent_covered_display": "100", "missing_lines": 0, "excluded_lines": 0}, "missing_lines": [], "excluded_lines": []}, "TestFilters.test_rest_normalize_config": {"executed_lines": [82, 83, 88, 89, 91, 92, 93, 94], "summary": {"covered_lines": 8, "num_statements": 8, "percent_covered": 100.0, "percent_covered_display": "100", "missing_lines": 0, "excluded_lines": 0}, "missing_lines": [], "excluded_lines": []}, "TestFilters.test_webvis_normalize_config": {"executed_lines": [97, 98, 99, 100, 102, 103, 104, 105], "summary": {"covered_lines": 8, "num_statements": 8, "percent_covered": 100.0, "percent_covered_display": "100", "missing_lines": 0, "excluded_lines": 0}, "missing_lines": [], "excluded_lines": []}, "": {"executed_lines": [3, 4, 5, 7, 8, 9, 10, 11, 13, 15, 18, 19, 21, 68, 81, 96, 108], "summary": {"covered_lines": 16, "num_statements": 17, "percent_covered": 94.11764705882354, "percent_covered_display": "94", "missing_lines": 1, "excluded_lines": 0}, "missing_lines": [109], "excluded_lines": []}}, "classes": {"TestFilters": {"executed_lines": [22, 23, 27, 28, 30, 31, 32, 33, 35, 39, 41, 43, 45, 47, 49, 51, 53, 55, 57, 59, 61, 69, 70, 72, 73, 75, 76, 77, 78, 82, 83, 88, 89, 91, 92, 93, 94, 97, 98, 99, 100, 102, 103, 104, 105], "summary": {"covered_lines": 45, "num_statements": 45, "percent_covered": 100.0, "percent_covered_display": "100", "missing_lines": 0, "excluded_lines": 0}, "missing_lines": [], "excluded_lines": []}, "": {"executed_lines": [3, 4, 5, 7, 8, 9, 10, 11, 13, 15, 18, 19, 21, 68, 81, 96, 108], "summary": {"covered_lines": 16, "num_statements": 17, "percent_covered": 94.11764705882354, "percent_covered_display": "94", "missing_lines": 1, "excluded_lines": 0}, "missing_lines": [109], "excluded_lines": []}}}, "tests/test_frame.py": {"executed_lines": [5, 7, 8, 9, 10, 12, 15, 16, 17, 18, 19, 20, 21, 22, 23, 24, 25, 26, 27, 28, 30, 31, 33, 34, 35, 36, 38, 39, 40, 42, 43, 44, 45, 46, 47, 48, 49, 50, 51, 53, 54, 55, 56, 57, 58, 59, 60, 61, 63, 64, 65, 66, 67, 68, 69, 70, 71, 73, 74, 75, 76, 77, 78, 79, 80, 81, 83, 84, 85, 86, 87, 88, 89, 90, 91, 93, 94, 96, 97, 98, 99, 100, 101, 102, 103, 104, 106, 107, 108, 109, 110, 111, 112, 113, 114, 116, 117, 118, 119, 120, 121, 122, 123, 124, 126, 127, 128, 129, 130, 131, 132, 133, 134, 136, 137, 140, 141, 142, 143, 144, 145, 146, 147, 148, 149, 150, 151, 153, 154, 156, 157, 158, 159, 161, 162, 163, 164, 165, 166, 168, 169, 170, 171, 172, 173, 175, 176, 177, 178, 179, 180, 182, 183, 184, 185, 186, 187, 189, 190, 191, 192, 193, 194, 195, 196, 198, 199, 200, 201, 202, 203, 204, 205, 208, 209, 210, 212, 213, 214, 215, 217, 218, 219, 220, 223, 224, 225, 226, 227, 228, 230, 231, 232, 233, 235, 236, 237, 238, 240, 241, 242, 243, 245, 246, 248, 249, 250, 251, 252, 253, 255, 256, 257, 258, 259, 260, 262, 263, 264, 265, 266, 267, 268, 269, 271, 272, 273, 274, 275, 276, 277, 278, 281, 282, 283, 284, 285, 286, 287, 288, 289, 290, 291, 292, 294, 295, 297, 298, 299, 300, 301, 302, 303, 304, 306, 307, 308, 309, 311, 312, 313, 314, 316, 317, 318, 319, 321, 322, 323, 324, 326, 327, 328, 329, 331, 332, 333, 334, 336, 337, 338, 339, 340, 341, 342, 343, 345, 346, 349, 350, 351, 352, 353, 354, 355, 356, 358, 360, 361, 362, 363, 365, 366, 367, 368, 369, 370, 371, 372, 374, 375, 376, 377, 378, 379, 380, 381, 383, 384, 385, 386, 387, 388, 390, 391, 392, 393, 394, 395, 397, 398, 399, 400, 401, 402, 404, 405, 406, 408, 409, 412, 413, 414, 415, 416, 417, 418, 419, 421, 422, 423, 424, 425, 426, 428, 429, 430, 431, 432, 433, 435, 436, 437, 441, 442, 443, 444, 445, 447, 448, 449, 451, 452, 453, 455, 456, 457, 459, 460, 461, 463, 464, 468, 469, 470, 471, 472, 474, 475, 476, 478, 479, 480, 482, 483, 484, 486, 487, 488, 490, 491, 495, 496, 497, 498, 499, 501, 502, 503, 505, 506, 507, 509, 510, 511, 513, 514, 515, 517, 518, 522, 523, 524, 525, 527, 528, 529, 531, 532, 533, 535, 536, 537, 539, 540, 541, 543, 544, 546, 550, 551, 552, 553, 555, 556, 557, 559, 560, 561, 563, 564, 565, 567, 568, 569, 571, 572, 574, 578, 579, 580, 581, 582, 584, 585, 586, 588, 589, 590, 592, 593, 594, 596, 597, 598, 600, 601, 605, 606, 607, 608, 609, 611, 612, 613, 615, 616, 617, 619, 620, 621, 623, 624, 625, 627, 628, 631, 632, 633, 634, 635, 636, 637, 638, 640, 641, 642, 643, 644, 645, 647, 648, 649, 650, 651, 652, 654, 655, 656, 660, 662, 663, 664, 665, 666, 668, 670, 671, 672, 673, 674, 676, 678, 679, 680, 681, 682, 684, 686, 687, 688, 689, 690, 692, 694, 695, 696, 697, 698, 700, 702, 703, 704, 705, 706, 708, 710, 711, 712, 713, 714, 716, 718, 719, 720, 721, 722, 724, 726, 727, 728, 729, 730, 734, 736, 737, 738, 739, 740, 742, 744, 745, 746, 747, 748, 750, 752, 753, 754, 755, 756, 758, 760, 761, 762, 763, 764, 765, 767, 769, 770, 771, 772, 773, 775, 777, 778, 779, 780, 781, 783, 785, 786, 787, 788, 789, 791, 793, 794, 795, 796, 797, 799, 801, 802, 803, 804, 805, 806, 810, 812, 813, 814, 815, 816, 818, 820, 821, 822, 823, 825, 827, 828, 829, 830, 832, 834, 835, 836, 837, 838, 839, 841, 843, 844, 845, 846, 847, 849, 851, 852, 853, 854, 855, 857, 859, 860, 861, 862, 864, 866, 867, 868, 869, 870, 872, 874, 875, 876, 877, 878, 879, 883, 885, 886, 887, 888, 889, 891, 893, 894, 895, 896, 897, 899, 901, 902, 903, 904, 905, 907, 909, 910, 911, 912, 913, 914, 916, 918, 919, 920, 921, 922, 924, 926, 927, 928, 929, 930, 932, 934, 935, 936, 937, 938, 940, 942, 943, 944, 945, 946, 948, 950, 951, 952, 953, 954, 955, 959, 961, 962, 963, 964, 965, 967, 969, 970, 971, 972, 973, 975, 977, 978, 979, 980, 981, 983, 985, 986, 987, 988, 989, 991, 993, 994, 995, 996, 997, 999, 1001, 1002, 1003, 1004, 1005, 1007, 1009, 1010, 1011, 1012, 1013, 1015, 1017, 1018, 1019, 1020, 1021, 1023, 1025, 1026, 1027, 1028, 1029, 1033, 1035, 1036, 1037, 1038, 1039, 1041, 1043, 1044, 1045, 1046, 1047, 1049, 1051, 1052, 1053, 1054, 1055, 1057, 1059, 1060, 1061, 1062, 1063, 1064, 1066, 1068, 1069, 1070, 1071, 1072, 1074, 1076, 1077, 1078, 1079, 1080, 1082, 1084, 1085, 1086, 1087, 1088, 1090, 1092, 1093, 1094, 1095, 1096, 1098, 1100, 1101, 1102, 1103, 1104, 1105, 1109, 1111, 1112, 1113, 1114, 1115, 1117, 1119, 1120, 1121, 1122, 1124, 1126, 1127, 1128, 1129, 1131, 1133, 1134, 1135, 1136, 1137, 1138, 1140, 1142, 1143, 1144, 1145, 1146, 1148, 1150, 1151, 1152, 1153, 1154, 1156, 1158, 1159, 1160, 1161, 1163, 1165, 1166, 1167, 1168, 1169, 1171, 1173, 1174, 1175, 1176, 1177, 1178, 1182, 1184, 1185, 1186, 1187, 1188, 1190, 1192, 1193, 1194, 1195, 1196, 1198, 1200, 1201, 1202, 1203, 1204, 1206, 1208, 1209, 1210, 1211, 1212, 1213, 1215, 1217, 1218, 1219, 1220, 1221, 1223, 1225, 1226, 1227, 1228, 1229, 1231, 1233, 1234, 1235, 1236, 1237, 1239, 1241, 1242, 1243, 1244, 1245, 1247, 1249, 1250, 1251, 1252, 1253, 1254, 1259, 1261, 1262, 1263, 1264, 1265, 1267, 1269, 1270, 1271, 1272, 1273, 1275, 1277, 1278, 1279, 1280, 1281, 1283, 1285, 1286, 1287, 1288, 1289, 1291, 1293, 1294, 1295, 1296, 1297, 1299, 1301, 1302, 1303, 1304, 1305, 1307, 1309, 1310, 1311, 1312, 1313, 1315, 1317, 1318, 1319, 1320, 1321, 1323, 1325, 1326, 1327, 1328, 1329, 1333, 1335, 1336, 1337, 1338, 1339, 1341, 1343, 1344, 1345, 1346, 1347, 1349, 1351, 1352, 1353, 1354, 1355, 1356, 1358, 1360, 1361, 1362, 1363, 1364, 1365, 1367, 1369, 1370, 1371, 1372, 1373, 1375, 1377, 1378, 1379, 1380, 1381, 1383, 1385, 1386, 1387, 1388, 1389, 1390, 1392, 1394, 1395, 1396, 1397, 1398, 1400, 1402, 1403, 1404, 1405, 1406, 1407, 1411, 1413, 1414, 1415, 1416, 1417, 1419, 1421, 1422, 1423, 1424, 1426, 1428, 1429, 1430, 1431, 1432, 1433, 1435, 1437, 1438, 1439, 1440, 1441, 1442, 1444, 1446, 1447, 1448, 1449, 1451, 1453, 1454, 1455, 1456, 1457, 1459, 1461, 1462, 1463, 1464, 1465, 1466, 1468, 1470, 1471, 1472, 1473, 1474, 1476, 1478, 1479, 1480, 1481, 1482, 1483, 1487, 1489, 1490, 1491, 1492, 1493, 1495, 1497, 1498, 1499, 1500, 1501, 1503, 1505, 1506, 1507, 1508, 1509, 1511, 1513, 1514, 1515, 1516, 1517, 1518, 1520, 1522, 1523, 1524, 1525, 1526, 1528, 1530, 1531, 1532, 1533, 1534, 1536, 1538, 1539, 1540, 1541, 1542, 1544, 1546, 1547, 1548, 1549, 1550, 1552, 1554, 1555, 1556, 1557, 1558, 1559, 1562, 1563, 1564, 1565, 1567, 1569, 1570, 1571, 1572, 1573, 1576, 1577, 1578, 1579, 1580, 1581, 1582, 1583, 1584, 1585, 1586, 1587, 1589, 1590, 1592, 1593, 1594, 1595, 1596, 1597, 1598, 1599, 1601, 1602, 1603, 1604, 1606, 1607, 1609, 1610, 1611, 1612, 1613, 1614, 1615, 1616, 1617, 1618, 1619, 1620, 1623, 1624, 1627, 1628, 1629, 1630, 1631, 1632, 1633, 1634, 1635, 1636, 1637, 1639, 1640, 1642, 1643, 1644, 1645, 1646, 1647, 1648, 1649, 1652, 1653, 1654, 1655, 1656, 1657, 1658, 1659, 1660, 1661, 1662, 1663, 1665, 1666, 1668, 1670, 1671, 1672, 1673, 1675, 1677, 1678, 1679, 1680, 1682, 1684, 1685, 1686, 1687, 1689, 1691, 1692, 1693, 1694, 1696, 1698, 1699, 1700, 1701, 1703, 1705, 1706, 1707, 1708, 1710, 1712, 1713, 1714, 1715, 1716, 1718, 1720, 1721, 1722, 1723, 1725, 1727, 1728, 1729, 1730, 1731, 1733, 1735, 1736, 1737, 1738, 1739, 1741, 1743, 1744, 1745, 1746, 1747, 1750], "summary": {"covered_lines": 1328, "num_statements": 1329, "percent_covered": 99.9247554552295, "percent_covered_display": "99", "missing_lines": 1, "excluded_lines": 0}, "missing_lines": [1751], "excluded_lines": [], "functions": {"TestFrame.test_old": {"executed_lines": [17, 18, 19, 20, 21, 22, 23, 24, 25, 26, 27, 28, 30, 31, 33, 34, 35, 36, 38, 39, 40, 42, 43, 44, 45, 46, 47, 48, 49, 50, 51, 53, 54, 55, 56, 57, 58, 59, 60, 61, 63, 64, 65, 66, 67, 68, 69, 70, 71, 73, 74, 75, 76, 77, 78, 79, 80, 81, 83, 84, 85, 86, 87, 88, 89, 90, 91, 93, 94, 96, 97, 98, 99, 100, 101, 102, 103, 104, 106, 107, 108, 109, 110, 111, 112, 113, 114, 116, 117, 118, 119, 120, 121, 122, 123, 124, 126, 127, 128, 129, 130, 131, 132, 133, 134, 136, 137], "summary": {"covered_lines": 107, "num_statements": 107, "percent_covered": 100.0, "percent_covered_display": "100", "missing_lines": 0, "excluded_lines": 0}, "missing_lines": [], "excluded_lines": []}, "TestFrame.test_self": {"executed_lines": [141, 142, 143, 144, 145, 146, 147, 148, 149, 150, 151, 153, 154, 156, 157, 158, 159, 161, 162, 163, 164, 165, 166, 168, 169, 170, 171, 172, 173, 175, 176, 177, 178, 179, 180, 182, 183, 184, 185, 186, 187, 189, 190, 191, 192, 193, 194, 195, 196, 198, 199, 200, 201, 202, 203, 204, 205], "summary": {"covered_lines": 57, "num_statements": 57, "percent_covered": 100.0, "percent_covered_display": "100", "missing_lines": 0, "excluded_lines": 0}, "missing_lines": [], "excluded_lines": []}, "TestFrame.test_cache": {"executed_lines": [209, 210, 212, 213, 214, 215, 217, 218, 219, 220], "summary": {"covered_lines": 10, "num_statements": 10, "percent_covered": 100.0, "percent_covered_display": "100", "missing_lines": 0, "excluded_lines": 0}, "missing_lines": [], "excluded_lines": []}, "TestFrame.test_writability": {"executed_lines": [224, 225, 226, 227, 228, 230, 231, 232, 233, 235, 236, 237, 238, 240, 241, 242, 243, 245, 246, 248, 249, 250, 251, 252, 253, 255, 256, 257, 258, 259, 260, 262, 263, 264, 265, 266, 267, 268, 269, 271, 272, 273, 274, 275, 276, 277, 278], "summary": {"covered_lines": 47, "num_statements": 47, "percent_covered": 100.0, "percent_covered_display": "100", "missing_lines": 0, "excluded_lines": 0}, "missing_lines": [], "excluded_lines": []}, "TestFrame.test_formats": {"executed_lines": [282, 283, 284, 285, 286, 287, 288, 289, 290, 291, 292, 294, 295, 297, 298, 299, 300, 301, 302, 303, 304, 306, 307, 308, 309, 311, 312, 313, 314, 316, 317, 318, 319, 321, 322, 323, 324, 326, 327, 328, 329, 331, 332, 333, 334, 336, 337, 338, 339, 340, 341, 342, 343, 345, 346], "summary": {"covered_lines": 55, "num_statements": 55, "percent_covered": 100.0, "percent_covered_display": "100", "missing_lines": 0, "excluded_lines": 0}, "missing_lines": [], "excluded_lines": []}, "TestFrame.test_gray": {"executed_lines": [350, 351, 352, 353, 354, 355, 356, 358, 360, 361, 362, 363, 365, 366, 367, 368, 369, 370, 371, 372, 374, 375, 376, 377, 378, 379, 380, 381, 383, 384, 385, 386, 387, 388, 390, 391, 392, 393, 394, 395, 397, 398, 399, 400, 401, 402, 404, 405, 406, 408, 409], "summary": {"covered_lines": 51, "num_statements": 51, "percent_covered": 100.0, "percent_covered_display": "100", "missing_lines": 0, "excluded_lines": 0}, "missing_lines": [], "excluded_lines": []}, "TestFrame.test_convert": {"executed_lines": [413, 414, 415, 416, 417, 418, 419, 421, 422, 423, 424, 425, 426, 428, 429, 430, 431, 432, 433, 435, 436, 437, 441, 442, 443, 444, 445, 447, 448, 449, 451, 452, 453, 455, 456, 457, 459, 460, 461, 463, 464, 468, 469, 470, 471, 472, 474, 475, 476, 478, 479, 480, 482, 483, 484, 486, 487, 488, 490, 491, 495, 496, 497, 498, 499, 501, 502, 503, 505, 506, 507, 509, 510, 511, 513, 514, 515, 517, 518, 522, 523, 524, 525, 527, 528, 529, 531, 532, 533, 535, 536, 537, 539, 540, 541, 543, 544, 546, 550, 551, 552, 553, 555, 556, 557, 559, 560, 561, 563, 564, 565, 567, 568, 569, 571, 572, 574, 578, 579, 580, 581, 582, 584, 585, 586, 588, 589, 590, 592, 593, 594, 596, 597, 598, 600, 601, 605, 606, 607, 608, 609, 611, 612, 613, 615, 616, 617, 619, 620, 621, 623, 624, 625, 627, 628], "summary": {"covered_lines": 155, "num_statements": 155, "percent_covered": 100.0, "percent_covered_display": "100", "missing_lines": 0, "excluded_lines": 0}, "missing_lines": [], "excluded_lines": []}, "TestFrame.test_implementation": {"executed_lines": [632, 633, 634, 635, 636, 637, 638, 640, 641, 642, 643, 644, 645, 647, 648, 649, 650, 651, 652, 654, 655, 656, 660, 662, 663, 664, 665, 666, 668, 670, 671, 672, 673, 674, 676, 678, 679, 680, 681, 682, 684, 686, 687, 688, 689, 690, 692, 694, 695, 696, 697, 698, 700, 702, 703, 704, 705, 706, 708, 710, 711, 712, 713, 714, 716, 718, 719, 720, 721, 722, 724, 726, 727, 728, 729, 730, 734, 736, 737, 738, 739, 740, 742, 744, 745, 746, 747, 748, 750, 752, 753, 754, 755, 756, 758, 760, 761, 762, 763, 764, 765, 767, 769, 770, 771, 772, 773, 775, 777, 778, 779, 780, 781, 783, 785, 786, 787, 788, 789, 791, 793, 794, 795, 796, 797, 799, 801, 802, 803, 804, 805, 806, 810, 812, 813, 814, 815, 816, 818, 820, 821, 822, 823, 825, 827, 828, 829, 830, 832, 834, 835, 836, 837, 838, 839, 841, 843, 844, 845, 846, 847, 849, 851, 852, 853, 854, 855, 857, 859, 860, 861, 862, 864, 866, 867, 868, 869, 870, 872, 874, 875, 876, 877, 878, 879, 883, 885, 886, 887, 888, 889, 891, 893, 894, 895, 896, 897, 899, 901, 902, 903, 904, 905, 907, 909, 910, 911, 912, 913, 914, 916, 918, 919, 920, 921, 922, 924, 926, 927, 928, 929, 930, 932, 934, 935, 936, 937, 938, 940, 942, 943, 944, 945, 946, 948, 950, 951, 952, 953, 954, 955, 959, 961, 962, 963, 964, 965, 967, 969, 970, 971, 972, 973, 975, 977, 978, 979, 980, 981, 983, 985, 986, 987, 988, 989, 991, 993, 994, 995, 996, 997, 999, 1001, 1002, 1003, 1004, 1005, 1007, 1009, 1010, 1011, 1012, 1013, 1015, 1017, 1018, 1019, 1020, 1021, 1023, 1025, 1026, 1027, 1028, 1029, 1033, 1035, 1036, 1037, 1038, 1039, 1041, 1043, 1044, 1045, 1046, 1047, 1049, 1051, 1052, 1053, 1054, 1055, 1057, 1059, 1060, 1061, 1062, 1063, 1064, 1066, 1068, 1069, 1070, 1071, 1072, 1074, 1076, 1077, 1078, 1079, 1080, 1082, 1084, 1085, 1086, 1087, 1088, 1090, 1092, 1093, 1094, 1095, 1096, 1098, 1100, 1101, 1102, 1103, 1104, 1105, 1109, 1111, 1112, 1113, 1114, 1115, 1117, 1119, 1120, 1121, 1122, 1124, 1126, 1127, 1128, 1129, 1131, 1133, 1134, 1135, 1136, 1137, 1138, 1140, 1142, 1143, 1144, 1145, 1146, 1148, 1150, 1151, 1152, 1153, 1154, 1156, 1158, 1159, 1160, 1161, 1163, 1165, 1166, 1167, 1168, 1169, 1171, 1173, 1174, 1175, 1176, 1177, 1178, 1182, 1184, 1185, 1186, 1187, 1188, 1190, 1192, 1193, 1194, 1195, 1196, 1198, 1200, 1201, 1202, 1203, 1204, 1206, 1208, 1209, 1210, 1211, 1212, 1213, 1215, 1217, 1218, 1219, 1220, 1221, 1223, 1225, 1226, 1227, 1228, 1229, 1231, 1233, 1234, 1235, 1236, 1237, 1239, 1241, 1242, 1243, 1244, 1245, 1247, 1249, 1250, 1251, 1252, 1253, 1254, 1259, 1261, 1262, 1263, 1264, 1265, 1267, 1269, 1270, 1271, 1272, 1273, 1275, 1277, 1278, 1279, 1280, 1281, 1283, 1285, 1286, 1287, 1288, 1289, 1291, 1293, 1294, 1295, 1296, 1297, 1299, 1301, 1302, 1303, 1304, 1305, 1307, 1309, 1310, 1311, 1312, 1313, 1315, 1317, 1318, 1319, 1320, 1321, 1323, 1325, 1326, 1327, 1328, 1329, 1333, 1335, 1336, 1337, 1338, 1339, 1341, 1343, 1344, 1345, 1346, 1347, 1349, 1351, 1352, 1353, 1354, 1355, 1356, 1358, 1360, 1361, 1362, 1363, 1364, 1365, 1367, 1369, 1370, 1371, 1372, 1373, 1375, 1377, 1378, 1379, 1380, 1381, 1383, 1385, 1386, 1387, 1388, 1389, 1390, 1392, 1394, 1395, 1396, 1397, 1398, 1400, 1402, 1403, 1404, 1405, 1406, 1407, 1411, 1413, 1414, 1415, 1416, 1417, 1419, 1421, 1422, 1423, 1424, 1426, 1428, 1429, 1430, 1431, 1432, 1433, 1435, 1437, 1438, 1439, 1440, 1441, 1442, 1444, 1446, 1447, 1448, 1449, 1451, 1453, 1454, 1455, 1456, 1457, 1459, 1461, 1462, 1463, 1464, 1465, 1466, 1468, 1470, 1471, 1472, 1473, 1474, 1476, 1478, 1479, 1480, 1481, 1482, 1483, 1487, 1489, 1490, 1491, 1492, 1493, 1495, 1497, 1498, 1499, 1500, 1501, 1503, 1505, 1506, 1507, 1508, 1509, 1511, 1513, 1514, 1515, 1516, 1517, 1518, 1520, 1522, 1523, 1524, 1525, 1526, 1528, 1530, 1531, 1532, 1533, 1534, 1536, 1538, 1539, 1540, 1541, 1542, 1544, 1546, 1547, 1548, 1549, 1550, 1552, 1554, 1555, 1556, 1557, 1558, 1559], "summary": {"covered_lines": 684, "num_statements": 684, "percent_covered": 100.0, "percent_covered_display": "100", "missing_lines": 0, "excluded_lines": 0}, "missing_lines": [], "excluded_lines": []}, "TestFrame.test_jpg": {"executed_lines": [1563, 1564, 1565, 1567, 1569, 1570, 1571, 1572, 1573], "summary": {"covered_lines": 9, "num_statements": 9, "percent_covered": 100.0, "percent_covered_display": "100", "missing_lines": 0, "excluded_lines": 0}, "missing_lines": [], "excluded_lines": []}, "TestFrame.test_eq": {"executed_lines": [1577, 1578, 1579, 1580, 1581, 1582, 1583, 1584, 1585, 1586, 1587, 1589, 1590, 1592, 1593, 1594, 1595, 1596, 1597, 1598, 1599, 1601, 1602, 1603, 1604, 1606, 1607, 1609, 1610, 1611, 1612, 1613, 1614, 1615, 1616, 1617, 1618, 1619, 1620], "summary": {"covered_lines": 39, "num_statements": 39, "percent_covered": 100.0, "percent_covered_display": "100", "missing_lines": 0, "excluded_lines": 0}, "missing_lines": [], "excluded_lines": []}, "TestFrame.test_serialize": {"executed_lines": [1624, 1627, 1628, 1629, 1630, 1631, 1632, 1633, 1634, 1635, 1636, 1637, 1639, 1640, 1642, 1643, 1644, 1645, 1646, 1647, 1648, 1649], "summary": {"covered_lines": 22, "num_statements": 22, "percent_covered": 100.0, "percent_covered_display": "100", "missing_lines": 0, "excluded_lines": 0}, "missing_lines": [], "excluded_lines": []}, "TestFrame.test_init": {"executed_lines": [1653, 1654, 1655, 1656, 1657, 1658, 1659, 1660, 1661, 1662, 1663, 1665, 1666, 1668, 1670, 1671, 1672, 1673, 1675, 1677, 1678, 1679, 1680, 1682, 1684, 1685, 1686, 1687, 1689, 1691, 1692, 1693, 1694, 1696, 1698, 1699, 1700, 1701, 1703, 1705, 1706, 1707, 1708, 1710, 1712, 1713, 1714, 1715, 1716, 1718, 1720, 1721, 1722, 1723, 1725, 1727, 1728, 1729, 1730, 1731, 1733, 1735, 1736, 1737, 1738, 1739, 1741, 1743, 1744, 1745, 1746, 1747], "summary": {"covered_lines": 72, "num_statements": 72, "percent_covered": 100.0, "percent_covered_display": "100", "missing_lines": 0, "excluded_lines": 0}, "missing_lines": [], "excluded_lines": []}, "": {"executed_lines": [5, 7, 8, 9, 10, 12, 15, 16, 140, 208, 223, 281, 349, 412, 631, 1562, 1576, 1623, 1652, 1750], "summary": {"covered_lines": 20, "num_statements": 21, "percent_covered": 95.23809523809524, "percent_covered_display": "95", "missing_lines": 1, "excluded_lines": 0}, "missing_lines": [1751], "excluded_lines": []}}, "classes": {"TestFrame": {"executed_lines": [17, 18, 19, 20, 21, 22, 23, 24, 25, 26, 27, 28, 30, 31, 33, 34, 35, 36, 38, 39, 40, 42, 43, 44, 45, 46, 47, 48, 49, 50, 51, 53, 54, 55, 56, 57, 58, 59, 60, 61, 63, 64, 65, 66, 67, 68, 69, 70, 71, 73, 74, 75, 76, 77, 78, 79, 80, 81, 83, 84, 85, 86, 87, 88, 89, 90, 91, 93, 94, 96, 97, 98, 99, 100, 101, 102, 103, 104, 106, 107, 108, 109, 110, 111, 112, 113, 114, 116, 117, 118, 119, 120, 121, 122, 123, 124, 126, 127, 128, 129, 130, 131, 132, 133, 134, 136, 137, 141, 142, 143, 144, 145, 146, 147, 148, 149, 150, 151, 153, 154, 156, 157, 158, 159, 161, 162, 163, 164, 165, 166, 168, 169, 170, 171, 172, 173, 175, 176, 177, 178, 179, 180, 182, 183, 184, 185, 186, 187, 189, 190, 191, 192, 193, 194, 195, 196, 198, 199, 200, 201, 202, 203, 204, 205, 209, 210, 212, 213, 214, 215, 217, 218, 219, 220, 224, 225, 226, 227, 228, 230, 231, 232, 233, 235, 236, 237, 238, 240, 241, 242, 243, 245, 246, 248, 249, 250, 251, 252, 253, 255, 256, 257, 258, 259, 260, 262, 263, 264, 265, 266, 267, 268, 269, 271, 272, 273, 274, 275, 276, 277, 278, 282, 283, 284, 285, 286, 287, 288, 289, 290, 291, 292, 294, 295, 297, 298, 299, 300, 301, 302, 303, 304, 306, 307, 308, 309, 311, 312, 313, 314, 316, 317, 318, 319, 321, 322, 323, 324, 326, 327, 328, 329, 331, 332, 333, 334, 336, 337, 338, 339, 340, 341, 342, 343, 345, 346, 350, 351, 352, 353, 354, 355, 356, 358, 360, 361, 362, 363, 365, 366, 367, 368, 369, 370, 371, 372, 374, 375, 376, 377, 378, 379, 380, 381, 383, 384, 385, 386, 387, 388, 390, 391, 392, 393, 394, 395, 397, 398, 399, 400, 401, 402, 404, 405, 406, 408, 409, 413, 414, 415, 416, 417, 418, 419, 421, 422, 423, 424, 425, 426, 428, 429, 430, 431, 432, 433, 435, 436, 437, 441, 442, 443, 444, 445, 447, 448, 449, 451, 452, 453, 455, 456, 457, 459, 460, 461, 463, 464, 468, 469, 470, 471, 472, 474, 475, 476, 478, 479, 480, 482, 483, 484, 486, 487, 488, 490, 491, 495, 496, 497, 498, 499, 501, 502, 503, 505, 506, 507, 509, 510, 511, 513, 514, 515, 517, 518, 522, 523, 524, 525, 527, 528, 529, 531, 532, 533, 535, 536, 537, 539, 540, 541, 543, 544, 546, 550, 551, 552, 553, 555, 556, 557, 559, 560, 561, 563, 564, 565, 567, 568, 569, 571, 572, 574, 578, 579, 580, 581, 582, 584, 585, 586, 588, 589, 590, 592, 593, 594, 596, 597, 598, 600, 601, 605, 606, 607, 608, 609, 611, 612, 613, 615, 616, 617, 619, 620, 621, 623, 624, 625, 627, 628, 632, 633, 634, 635, 636, 637, 638, 640, 641, 642, 643, 644, 645, 647, 648, 649, 650, 651, 652, 654, 655, 656, 660, 662, 663, 664, 665, 666, 668, 670, 671, 672, 673, 674, 676, 678, 679, 680, 681, 682, 684, 686, 687, 688, 689, 690, 692, 694, 695, 696, 697, 698, 700, 702, 703, 704, 705, 706, 708, 710, 711, 712, 713, 714, 716, 718, 719, 720, 721, 722, 724, 726, 727, 728, 729, 730, 734, 736, 737, 738, 739, 740, 742, 744, 745, 746, 747, 748, 750, 752, 753, 754, 755, 756, 758, 760, 761, 762, 763, 764, 765, 767, 769, 770, 771, 772, 773, 775, 777, 778, 779, 780, 781, 783, 785, 786, 787, 788, 789, 791, 793, 794, 795, 796, 797, 799, 801, 802, 803, 804, 805, 806, 810, 812, 813, 814, 815, 816, 818, 820, 821, 822, 823, 825, 827, 828, 829, 830, 832, 834, 835, 836, 837, 838, 839, 841, 843, 844, 845, 846, 847, 849, 851, 852, 853, 854, 855, 857, 859, 860, 861, 862, 864, 866, 867, 868, 869, 870, 872, 874, 875, 876, 877, 878, 879, 883, 885, 886, 887, 888, 889, 891, 893, 894, 895, 896, 897, 899, 901, 902, 903, 904, 905, 907, 909, 910, 911, 912, 913, 914, 916, 918, 919, 920, 921, 922, 924, 926, 927, 928, 929, 930, 932, 934, 935, 936, 937, 938, 940, 942, 943, 944, 945, 946, 948, 950, 951, 952, 953, 954, 955, 959, 961, 962, 963, 964, 965, 967, 969, 970, 971, 972, 973, 975, 977, 978, 979, 980, 981, 983, 985, 986, 987, 988, 989, 991, 993, 994, 995, 996, 997, 999, 1001, 1002, 1003, 1004, 1005, 1007, 1009, 1010, 1011, 1012, 1013, 1015, 1017, 1018, 1019, 1020, 1021, 1023, 1025, 1026, 1027, 1028, 1029, 1033, 1035, 1036, 1037, 1038, 1039, 1041, 1043, 1044, 1045, 1046, 1047, 1049, 1051, 1052, 1053, 1054, 1055, 1057, 1059, 1060, 1061, 1062, 1063, 1064, 1066, 1068, 1069, 1070, 1071, 1072, 1074, 1076, 1077, 1078, 1079, 1080, 1082, 1084, 1085, 1086, 1087, 1088, 1090, 1092, 1093, 1094, 1095, 1096, 1098, 1100, 1101, 1102, 1103, 1104, 1105, 1109, 1111, 1112, 1113, 1114, 1115, 1117, 1119, 1120, 1121, 1122, 1124, 1126, 1127, 1128, 1129, 1131, 1133, 1134, 1135, 1136, 1137, 1138, 1140, 1142, 1143, 1144, 1145, 1146, 1148, 1150, 1151, 1152, 1153, 1154, 1156, 1158, 1159, 1160, 1161, 1163, 1165, 1166, 1167, 1168, 1169, 1171, 1173, 1174, 1175, 1176, 1177, 1178, 1182, 1184, 1185, 1186, 1187, 1188, 1190, 1192, 1193, 1194, 1195, 1196, 1198, 1200, 1201, 1202, 1203, 1204, 1206, 1208, 1209, 1210, 1211, 1212, 1213, 1215, 1217, 1218, 1219, 1220, 1221, 1223, 1225, 1226, 1227, 1228, 1229, 1231, 1233, 1234, 1235, 1236, 1237, 1239, 1241, 1242, 1243, 1244, 1245, 1247, 1249, 1250, 1251, 1252, 1253, 1254, 1259, 1261, 1262, 1263, 1264, 1265, 1267, 1269, 1270, 1271, 1272, 1273, 1275, 1277, 1278, 1279, 1280, 1281, 1283, 1285, 1286, 1287, 1288, 1289, 1291, 1293, 1294, 1295, 1296, 1297, 1299, 1301, 1302, 1303, 1304, 1305, 1307, 1309, 1310, 1311, 1312, 1313, 1315, 1317, 1318, 1319, 1320, 1321, 1323, 1325, 1326, 1327, 1328, 1329, 1333, 1335, 1336, 1337, 1338, 1339, 1341, 1343, 1344, 1345, 1346, 1347, 1349, 1351, 1352, 1353, 1354, 1355, 1356, 1358, 1360, 1361, 1362, 1363, 1364, 1365, 1367, 1369, 1370, 1371, 1372, 1373, 1375, 1377, 1378, 1379, 1380, 1381, 1383, 1385, 1386, 1387, 1388, 1389, 1390, 1392, 1394, 1395, 1396, 1397, 1398, 1400, 1402, 1403, 1404, 1405, 1406, 1407, 1411, 1413, 1414, 1415, 1416, 1417, 1419, 1421, 1422, 1423, 1424, 1426, 1428, 1429, 1430, 1431, 1432, 1433, 1435, 1437, 1438, 1439, 1440, 1441, 1442, 1444, 1446, 1447, 1448, 1449, 1451, 1453, 1454, 1455, 1456, 1457, 1459, 1461, 1462, 1463, 1464, 1465, 1466, 1468, 1470, 1471, 1472, 1473, 1474, 1476, 1478, 1479, 1480, 1481, 1482, 1483, 1487, 1489, 1490, 1491, 1492, 1493, 1495, 1497, 1498, 1499, 1500, 1501, 1503, 1505, 1506, 1507, 1508, 1509, 1511, 1513, 1514, 1515, 1516, 1517, 1518, 1520, 1522, 1523, 1524, 1525, 1526, 1528, 1530, 1531, 1532, 1533, 1534, 1536, 1538, 1539, 1540, 1541, 1542, 1544, 1546, 1547, 1548, 1549, 1550, 1552, 1554, 1555, 1556, 1557, 1558, 1559, 1563, 1564, 1565, 1567, 1569, 1570, 1571, 1572, 1573, 1577, 1578, 1579, 1580, 1581, 1582, 1583, 1584, 1585, 1586, 1587, 1589, 1590, 1592, 1593, 1594, 1595, 1596, 1597, 1598, 1599, 1601, 1602, 1603, 1604, 1606, 1607, 1609, 1610, 1611, 1612, 1613, 1614, 1615, 1616, 1617, 1618, 1619, 1620, 1624, 1627, 1628, 1629, 1630, 1631, 1632, 1633, 1634, 1635, 1636, 1637, 1639, 1640, 1642, 1643, 1644, 1645, 1646, 1647, 1648, 1649, 1653, 1654, 1655, 1656, 1657, 1658, 1659, 1660, 1661, 1662, 1663, 1665, 1666, 1668, 1670, 1671, 1672, 1673, 1675, 1677, 1678, 1679, 1680, 1682, 1684, 1685, 1686, 1687, 1689, 1691, 1692, 1693, 1694, 1696, 1698, 1699, 1700, 1701, 1703, 1705, 1706, 1707, 1708, 1710, 1712, 1713, 1714, 1715, 1716, 1718, 1720, 1721, 1722, 1723, 1725, 1727, 1728, 1729, 1730, 1731, 1733, 1735, 1736, 1737, 1738, 1739, 1741, 1743, 1744, 1745, 1746, 1747], "summary": {"covered_lines": 1308, "num_statements": 1308, "percent_covered": 100.0, "percent_covered_display": "100", "missing_lines": 0, "excluded_lines": 0}, "missing_lines": [], "excluded_lines": []}, "": {"executed_lines": [5, 7, 8, 9, 10, 12, 15, 16, 140, 208, 223, 281, 349, 412, 631, 1562, 1576, 1623, 1652, 1750], "summary": {"covered_lines": 20, "num_statements": 21, "percent_covered": 95.23809523809524, "percent_covered_display": "95", "missing_lines": 1, "excluded_lines": 0}, "missing_lines": [1751], "excluded_lines": []}}}, "tests/test_mq.py": {"executed_lines": [3, 4, 5, 6, 7, 9, 10, 11, 13, 15, 17, 20, 21, 22, 23, 25, 27, 29, 30, 31, 32, 34, 35, 37, 38, 39, 41, 42, 43, 44, 45, 46, 48, 49, 51, 52, 54, 57, 58, 59, 60, 62, 64, 66, 67, 68, 70, 71, 73, 74, 76, 77, 78, 80, 83, 84, 85, 87, 88, 90, 91, 92, 94, 97, 100, 103, 104, 106, 107, 109, 110, 111, 113, 116, 119, 122, 123, 125, 126, 128, 129, 131, 132, 133, 134, 136, 139, 142, 145, 148, 149, 151, 152, 154, 155, 157, 158, 160, 162, 163, 165, 166, 169, 172, 175, 178, 179, 181, 182, 184, 185, 187, 188, 190, 192, 193, 195, 197, 198, 200, 202, 205, 208, 211, 215], "summary": {"covered_lines": 125, "num_statements": 126, "percent_covered": 99.2063492063492, "percent_covered_display": "99", "missing_lines": 1, "excluded_lines": 0}, "missing_lines": [216], "excluded_lines": [], "functions": {"ThreadMQSender.__init__": {"executed_lines": [22, 23, 25, 27], "summary": {"covered_lines": 4, "num_statements": 4, "percent_covered": 100.0, "percent_covered_display": "100", "missing_lines": 0, "excluded_lines": 0}, "missing_lines": [], "excluded_lines": []}, "ThreadMQSender.destroy": {"executed_lines": [30, 31, 32], "summary": {"covered_lines": 3, "num_statements": 3, "percent_covered": 100.0, "percent_covered_display": "100", "missing_lines": 0, "excluded_lines": 0}, "missing_lines": [], "excluded_lines": []}, "ThreadMQSender.send": {"executed_lines": [35], "summary": {"covered_lines": 1, "num_statements": 1, "percent_covered": 100.0, "percent_covered_display": "100", "missing_lines": 0, "excluded_lines": 0}, "missing_lines": [], "excluded_lines": []}, "ThreadMQSender.thread_func": {"executed_lines": [38, 39, 41, 42, 43, 44, 45, 46, 48, 49, 51, 52, 54], "summary": {"covered_lines": 13, "num_statements": 13, "percent_covered": 100.0, "percent_covered_display": "100", "missing_lines": 0, "excluded_lines": 0}, "missing_lines": [], "excluded_lines": []}, "ThreadMQReceiver.__init__": {"executed_lines": [59, 60, 62, 64], "summary": {"covered_lines": 4, "num_statements": 4, "percent_covered": 100.0, "percent_covered_display": "100", "missing_lines": 0, "excluded_lines": 0}, "missing_lines": [], "excluded_lines": []}, "ThreadMQReceiver.destroy": {"executed_lines": [67, 68], "summary": {"covered_lines": 2, "num_statements": 2, "percent_covered": 100.0, "percent_covered_display": "100", "missing_lines": 0, "excluded_lines": 0}, "missing_lines": [], "excluded_lines": []}, "ThreadMQReceiver.recv": {"executed_lines": [71], "summary": {"covered_lines": 1, "num_statements": 1, "percent_covered": 100.0, "percent_covered_display": "100", "missing_lines": 0, "excluded_lines": 0}, "missing_lines": [], "excluded_lines": []}, "ThreadMQReceiver.thread_func": {"executed_lines": [74, 76, 77, 78, 80], "summary": {"covered_lines": 5, "num_statements": 5, "percent_covered": 100.0, "percent_covered_display": "100", "missing_lines": 0, "excluded_lines": 0}, "missing_lines": [], "excluded_lines": []}, "TestMQ.test_tmqsender_mqreciver": {"executed_lines": [85, 87, 88, 90, 91, 92, 94, 97, 100], "summary": {"covered_lines": 9, "num_statements": 9, "percent_covered": 100.0, "percent_covered_display": "100", "missing_lines": 0, "excluded_lines": 0}, "missing_lines": [], "excluded_lines": []}, "TestMQ.test_mqsender_tmqreciver": {"executed_lines": [104, 106, 107, 109, 110, 111, 113, 116, 119], "summary": {"covered_lines": 9, "num_statements": 9, "percent_covered": 100.0, "percent_covered_display": "100", "missing_lines": 0, "excluded_lines": 0}, "missing_lines": [], "excluded_lines": []}, "TestMQ.test_tmqsender_mq_tmqreceiver": {"executed_lines": [123, 125, 126, 128, 129, 131, 132, 133, 134, 136, 139, 142, 145], "summary": {"covered_lines": 13, "num_statements": 13, "percent_covered": 100.0, "percent_covered_display": "100", "missing_lines": 0, "excluded_lines": 0}, "missing_lines": [], "excluded_lines": []}, "TestMQ.test_mq_double_send": {"executed_lines": [149, 151, 152, 154, 155, 157, 158, 160, 162, 163, 165, 166, 169, 172, 175], "summary": {"covered_lines": 15, "num_statements": 15, "percent_covered": 100.0, "percent_covered_display": "100", "missing_lines": 0, "excluded_lines": 0}, "missing_lines": [], "excluded_lines": []}, "TestMQ.test_mq_double_recv": {"executed_lines": [179, 181, 182, 184, 185, 187, 188, 190, 192, 193, 195, 197, 198, 200, 202, 205, 208, 211], "summary": {"covered_lines": 18, "num_statements": 18, "percent_covered": 100.0, "percent_covered_display": "100", "missing_lines": 0, "excluded_lines": 0}, "missing_lines": [], "excluded_lines": []}, "": {"executed_lines": [3, 4, 5, 6, 7, 9, 10, 11, 13, 15, 17, 20, 21, 29, 34, 37, 57, 58, 66, 70, 73, 83, 84, 103, 122, 148, 178, 215], "summary": {"covered_lines": 28, "num_statements": 29, "percent_covered": 96.55172413793103, "percent_covered_display": "97", "missing_lines": 1, "excluded_lines": 0}, "missing_lines": [216], "excluded_lines": []}}, "classes": {"ThreadMQSender": {"executed_lines": [22, 23, 25, 27, 30, 31, 32, 35, 38, 39, 41, 42, 43, 44, 45, 46, 48, 49, 51, 52, 54], "summary": {"covered_lines": 21, "num_statements": 21, "percent_covered": 100.0, "percent_covered_display": "100", "missing_lines": 0, "excluded_lines": 0}, "missing_lines": [], "excluded_lines": []}, "ThreadMQReceiver": {"executed_lines": [59, 60, 62, 64, 67, 68, 71, 74, 76, 77, 78, 80], "summary": {"covered_lines": 12, "num_statements": 12, "percent_covered": 100.0, "percent_covered_display": "100", "missing_lines": 0, "excluded_lines": 0}, "missing_lines": [], "excluded_lines": []}, "TestMQ": {"executed_lines": [85, 87, 88, 90, 91, 92, 94, 97, 100, 104, 106, 107, 109, 110, 111, 113, 116, 119, 123, 125, 126, 128, 129, 131, 132, 133, 134, 136, 139, 142, 145, 149, 151, 152, 154, 155, 157, 158, 160, 162, 163, 165, 166, 169, 172, 175, 179, 181, 182, 184, 185, 187, 188, 190, 192, 193, 195, 197, 198, 200, 202, 205, 208, 211], "summary": {"covered_lines": 64, "num_statements": 64, "percent_covered": 100.0, "percent_covered_display": "100", "missing_lines": 0, "excluded_lines": 0}, "missing_lines": [], "excluded_lines": []}, "": {"executed_lines": [3, 4, 5, 6, 7, 9, 10, 11, 13, 15, 17, 20, 21, 29, 34, 37, 57, 58, 66, 70, 73, 83, 84, 103, 122, 148, 178, 215], "summary": {"covered_lines": 28, "num_statements": 29, "percent_covered": 96.55172413793103, "percent_covered_display": "97", "missing_lines": 1, "excluded_lines": 0}, "missing_lines": [216], "excluded_lines": []}}}, "tests/test_rolllog.py": {"executed_lines": [3, 4, 5, 6, 7, 8, 9, 10, 12, 13, 15, 17, 19, 21, 24, 25, 26, 27, 28, 30, 31, 32, 36, 37, 42, 43, 46, 47, 50, 51, 56, 57, 58, 60, 61, 63, 65, 67, 69, 70, 72, 74, 76, 77, 78, 80, 82, 83, 84, 86, 88, 89, 91, 93, 95, 96, 97, 99, 101, 102, 104, 106, 108, 110, 112, 113, 116, 117, 120, 121, 123, 124, 125, 126, 127, 128, 129, 130, 131, 132, 133, 135, 136, 137, 138, 139, 141, 143, 146, 147, 150, 151, 153, 154, 155, 156, 158, 160, 161, 164, 165, 168, 169, 171, 172, 173, 174, 176, 177, 178, 181, 182, 185, 186, 188, 189, 191, 192, 194, 196, 199, 200, 203, 204, 206, 207, 209, 210, 212, 213, 215, 218, 219, 222, 223, 225, 226, 228, 229, 231, 233, 236, 237, 240, 241, 243, 244, 246, 247, 249, 251, 254, 255, 258, 259, 261, 262, 264, 265, 267, 269, 272, 273, 276, 277, 279, 280, 282, 283, 285, 286, 288, 290, 291, 293, 296, 297, 300, 301, 303, 304, 306, 307, 309, 310, 312, 314, 316, 319, 320, 323, 324, 326, 327, 329, 330, 332, 333, 335, 337, 339, 342, 343, 346, 347, 349, 350, 352, 354, 355, 356, 357, 358, 360, 362, 363, 364, 365, 366, 367, 368, 369, 372, 373, 376, 377, 379, 380, 382, 384, 386, 387, 389, 391, 393, 395, 397, 398, 400, 402, 404, 406, 407, 409, 411, 413, 416, 417, 420, 421, 423, 424, 425, 427, 428, 431, 433, 434, 436, 437, 439, 442, 445, 446, 448, 449, 451, 452, 453, 455, 456, 458, 460, 461, 462, 464, 466, 467, 469, 471, 472, 474, 475, 477, 478, 480, 482, 483, 485, 486, 488, 490, 491, 493, 496, 499, 500, 503, 504, 506, 507, 509, 510, 511, 512, 513, 515, 516, 518, 520, 521, 522, 524, 525, 527, 529, 530, 531, 533, 534, 535, 537, 539, 541, 543, 545, 548, 551, 552, 555, 556, 558, 559, 561, 562, 564, 565, 567, 568, 570, 572, 574, 575, 577, 578, 580, 582, 584, 585, 587, 589, 591, 593, 594, 596, 598, 601, 604, 607, 608, 611, 612, 614, 615, 617, 618, 620, 621, 622, 624, 625, 627, 628, 630, 631, 633, 634, 636, 638, 639, 641, 642, 644, 645, 647, 648, 650, 652, 654, 655, 658, 661, 664, 665, 668, 669, 671, 672, 673, 675, 676, 677, 678, 680, 681, 683, 684, 685, 686, 688, 689, 691, 692, 694, 695, 696, 698, 700, 701, 703, 705, 708, 709, 712, 713, 716], "summary": {"covered_lines": 426, "num_statements": 431, "percent_covered": 98.83990719257541, "percent_covered_display": "99", "missing_lines": 5, "excluded_lines": 0}, "missing_lines": [33, 34, 38, 39, 717], "excluded_lines": [], "functions": {"deldir": {"executed_lines": [25, 26, 27, 28, 30, 31, 32, 36, 37], "summary": {"covered_lines": 9, "num_statements": 13, "percent_covered": 69.23076923076923, "percent_covered_display": "69", "missing_lines": 4, "excluded_lines": 0}, "missing_lines": [33, 34, 38, 39], "excluded_lines": []}, "rndstrs": {"executed_lines": [43], "summary": {"covered_lines": 1, "num_statements": 1, "percent_covered": 100.0, "percent_covered_display": "100", "missing_lines": 0, "excluded_lines": 0}, "missing_lines": [], "excluded_lines": []}, "rndstrs_with_nl": {"executed_lines": [47], "summary": {"covered_lines": 1, "num_statements": 1, "percent_covered": 100.0, "percent_covered_display": "100", "missing_lines": 0, "excluded_lines": 0}, "missing_lines": [], "excluded_lines": []}, "rndobjs": {"executed_lines": [51], "summary": {"covered_lines": 1, "num_statements": 1, "percent_covered": 100.0, "percent_covered_display": "100", "missing_lines": 0, "excluded_lines": 0}, "missing_lines": [], "excluded_lines": []}, "TestRollLog.test_rollover_bin": {"executed_lines": [58, 60, 61, 63, 65, 67, 69, 70, 72, 74, 76, 77, 78, 80, 82, 83, 84, 86, 88, 89, 91, 93, 95, 96, 97, 99, 101, 102, 104, 106, 108, 110, 112, 113, 116, 117], "summary": {"covered_lines": 36, "num_statements": 36, "percent_covered": 100.0, "percent_covered_display": "100", "missing_lines": 0, "excluded_lines": 0}, "missing_lines": [], "excluded_lines": []}, "TestRollLog.test_external_deletions_read_bin": {"executed_lines": [121, 123, 124, 125, 126, 127, 128, 129, 130, 131, 132, 133, 135, 136, 137, 138, 139, 141, 143, 146, 147], "summary": {"covered_lines": 21, "num_statements": 21, "percent_covered": 100.0, "percent_covered_display": "100", "missing_lines": 0, "excluded_lines": 0}, "missing_lines": [], "excluded_lines": []}, "TestRollLog.test_external_deletions_write_bin": {"executed_lines": [151, 153, 154, 155, 156, 158, 160, 161, 164, 165], "summary": {"covered_lines": 10, "num_statements": 10, "percent_covered": 100.0, "percent_covered_display": "100", "missing_lines": 0, "excluded_lines": 0}, "missing_lines": [], "excluded_lines": []}, "TestRollLog.test_write_read_binl": {"executed_lines": [169, 171, 172, 173, 174, 176, 177, 178, 181, 182], "summary": {"covered_lines": 10, "num_statements": 10, "percent_covered": 100.0, "percent_covered_display": "100", "missing_lines": 0, "excluded_lines": 0}, "missing_lines": [], "excluded_lines": []}, "TestRollLog.test_write_txt_read_binl": {"executed_lines": [186, 188, 189, 191, 192, 194, 196, 199, 200], "summary": {"covered_lines": 9, "num_statements": 9, "percent_covered": 100.0, "percent_covered_display": "100", "missing_lines": 0, "excluded_lines": 0}, "missing_lines": [], "excluded_lines": []}, "TestRollLog.test_read_block_bin": {"executed_lines": [204, 206, 207, 209, 210, 212, 213, 215, 218, 219], "summary": {"covered_lines": 10, "num_statements": 10, "percent_covered": 100.0, "percent_covered_display": "100", "missing_lines": 0, "excluded_lines": 0}, "missing_lines": [], "excluded_lines": []}, "TestRollLog.test_read_block_binl": {"executed_lines": [223, 225, 226, 228, 229, 231, 233, 236, 237], "summary": {"covered_lines": 9, "num_statements": 9, "percent_covered": 100.0, "percent_covered_display": "100", "missing_lines": 0, "excluded_lines": 0}, "missing_lines": [], "excluded_lines": []}, "TestRollLog.test_read_block_txt": {"executed_lines": [241, 243, 244, 246, 247, 249, 251, 254, 255], "summary": {"covered_lines": 9, "num_statements": 9, "percent_covered": 100.0, "percent_covered_display": "100", "missing_lines": 0, "excluded_lines": 0}, "missing_lines": [], "excluded_lines": []}, "TestRollLog.test_read_block_json": {"executed_lines": [259, 261, 262, 264, 265, 267, 269, 272, 273], "summary": {"covered_lines": 9, "num_s
[...]
, 61, 62, 63, 64, 67, 69, 71, 73, 74, 76, 77, 79, 81, 82, 83, 84, 86, 88, 90, 91, 93, 94, 95, 98, 100, 101, 102, 104, 105, 106, 107, 108, 110, 111, 112, 113, 114, 115, 118, 121, 123, 125, 127, 128, 131, 134, 135, 138, 139, 143, 144, 145, 146, 147, 148, 151, 152, 153, 154, 155, 156, 159, 160, 162, 163, 165, 166, 168, 170, 171, 172, 174, 177, 180, 183, 184, 186, 187, 189, 190, 192, 193, 194, 196, 198, 199, 200, 201, 203, 206, 209, 212, 215, 216, 218, 219, 221, 222, 224, 225, 227, 229, 230, 231, 232, 234, 237, 240, 243, 246, 247, 249, 250, 252, 253, 255, 256, 258, 259, 260, 262, 264, 265, 266, 267, 268, 270, 273, 276, 279, 282, 285, 286, 288, 289, 291, 292, 294, 295, 297, 298, 299, 301, 303, 304, 305, 306, 307, 309, 312, 315, 318, 321, 324, 325, 327, 328, 330, 331, 333, 334, 336, 337, 339, 340, 341, 343, 345, 346, 348, 350, 351, 352, 354, 356, 358, 360, 361, 362, 364, 366, 368, 370, 371, 372, 374, 376, 378, 380, 381, 382, 384, 386, 388, 390, 391, 392, 394, 396, 398, 400, 401, 402, 404, 406, 408, 410, 411, 412, 414, 416, 418, 420, 421, 422, 424, 427, 430, 433, 436, 439, 440, 442, 443, 445, 446, 448, 449, 451, 452, 454, 456, 458, 459, 460, 461, 463, 465, 467, 469, 470, 471, 473, 475, 477, 479, 480, 481, 483, 485, 487, 489, 490, 491, 493, 495, 497, 499, 500, 501, 503, 505, 507, 509, 510, 511, 513, 515, 517, 519, 520, 521, 523, 525, 527, 529, 530, 531, 533, 535, 537, 540, 543, 546, 549, 552, 553, 555, 556, 558, 559, 561, 562, 564, 565, 567, 568, 570, 571, 573, 574, 575, 577, 579, 580, 581, 582, 583, 584, 585, 586, 587, 588, 590, 591, 592, 594, 596, 597, 598, 600, 603, 606, 609, 612, 615, 618, 621, 622, 624, 625, 627, 628, 630, 632, 633, 634, 636, 639, 642, 645, 646, 648, 649, 651, 652, 654, 655, 656, 658, 660, 661, 662, 664, 666, 667, 668, 669, 671, 673, 674, 675, 677, 680, 683, 686, 689, 690, 692, 693, 695, 696, 698, 699, 700, 702, 704, 705, 706, 708, 710, 711, 712, 713, 714, 715, 716, 719, 720, 721, 723, 726, 729, 732, 735, 736, 738, 739, 741, 742, 744, 746, 748, 750, 752, 753, 755, 757, 759, 761, 763, 764, 766, 768, 770, 772, 773, 775, 777, 779, 781, 782, 784, 786, 788, 790, 791, 794, 797, 800, 803, 804, 806, 807, 809, 810, 812, 813, 815, 816, 817, 818, 820, 822, 823, 825, 827, 828, 829, 831, 833, 835, 837, 838, 839, 841, 843, 845, 847, 848, 849, 851, 854, 857, 860, 863, 866, 867, 869, 870, 872, 873, 875, 876, 878, 879, 881, 883, 884, 886, 888, 890, 892, 894, 896, 898, 900, 902, 904, 906, 909, 912, 915, 918, 921, 922, 924, 925, 927, 928, 930, 931, 933, 934, 936, 937, 939, 940, 942, 945, 946, 947, 948, 950, 952, 953, 955, 957, 958, 959, 960, 961, 962, 964, 966, 968, 970, 971, 972, 973, 974, 975, 977, 979, 981, 983, 984, 985, 986, 987, 988, 990, 993, 996, 999, 1002, 1005, 1008, 1011, 1014, 1015, 1017, 1018, 1020, 1021, 1023, 1025, 1026, 1027, 1029, 1032, 1035, 1038, 1039, 1041, 1042, 1044, 1045, 1047, 1049, 1050, 1051, 1053, 1056, 1059, 1062, 1063, 1065, 1066, 1068, 1069, 1071, 1073, 1074, 1075, 1077, 1080, 1083, 1086, 1087, 1089, 1090, 1092, 1093, 1095, 1097, 1098, 1099, 1101, 1104, 1107, 1110, 1111, 1113, 1114, 1116, 1117, 1119, 1120, 1122, 1124, 1125, 1127, 1129, 1132, 1135, 1138, 1141, 1142, 1144, 1145, 1147, 1148, 1150, 1152, 1153, 1155, 1156, 1158, 1159, 1161, 1162, 1164, 1167, 1170, 1173, 1174, 1176, 1177, 1179, 1180, 1182, 1184, 1186, 1188, 1189, 1191, 1193, 1195, 1197, 1198, 1200, 1202, 1204, 1205, 1206, 1209, 1212, 1215, 1218, 1221, 1222, 1223, 1224, 1225, 1226, 1227, 1264], "summary": {"covered_lines": 707, "num_statements": 708, "percent_covered": 99.85875706214689, "percent_covered_display": "99", "missing_lines": 1, "excluded_lines": 0}, "missing_lines": [1265], "excluded_lines": [], "functions": {"recvstate": {"executed_lines": [17], "summary": {"covered_lines": 1, "num_statements": 1, "percent_covered": 100.0, "percent_covered_display": "100", "missing_lines": 0, "excluded_lines": 0}, "missing_lines": [], "excluded_lines": []}, "sendstate": {"executed_lines": [20], "summary": {"covered_lines": 1, "num_statements": 1, "percent_covered": 100.0, "percent_covered_display": "100", "missing_lines": 0, "excluded_lines": 0}, "missing_lines": [], "excluded_lines": []}, "send": {"executed_lines": [23], "summary": {"covered_lines": 1, "num_statements": 1, "percent_covered": 100.0, "percent_covered_display": "100", "missing_lines": 0, "excluded_lines": 0}, "missing_lines": [], "excluded_lines": []}, "recvl": {"executed_lines": [26], "summary": {"covered_lines": 1, "num_statements": 1, "percent_covered": 100.0, "percent_covered_display": "100", "missing_lines": 0, "excluded_lines": 0}, "missing_lines": [], "excluded_lines": []}, "recv": {"executed_lines": [29], "summary": {"covered_lines": 1, "num_statements": 1, "percent_covered": 100.0, "percent_covered_display": "100", "missing_lines": 0, "excluded_lines": 0}, "missing_lines": [], "excluded_lines": []}, "TestZeroMQOld.test_old_general": {"executed_lines": [34, 45, 46, 47, 48, 49, 51, 52, 54, 55, 57, 59, 60, 61, 62, 63, 64, 67, 69, 71, 73, 74, 76, 77, 79, 81, 82, 83, 84, 86, 88, 90, 91, 93, 94, 95, 98, 100, 101, 102, 104, 105, 106, 107, 108, 110, 111, 112, 113, 114, 115, 118, 121, 123, 125, 127, 128, 131, 134, 135], "summary": {"covered_lines": 60, "num_statements": 60, "percent_covered": 100.0, "percent_covered_display": "100", "missing_lines": 0, "excluded_lines": 0}, "missing_lines": [], "excluded_lines": []}, "TestZeroMQOld.test_old_general.thread": {"executed_lines": [35, 37, 38, 39, 41, 43], "summary": {"covered_lines": 6, "num_statements": 6, "percent_covered": 100.0, "percent_covered_display": "100", "missing_lines": 0, "excluded_lines": 0}, "missing_lines": [], "excluded_lines": []}, "TestZeroMQTCP.setUpClass": {"executed_lines": [145, 146, 147, 148], "summary": {"covered_lines": 4, "num_statements": 4, "percent_covered": 100.0, "percent_covered_display": "100", "missing_lines": 0, "excluded_lines": 0}, "missing_lines": [], "excluded_lines": []}, "TestZeroMQTCP.test_send_recv": {"executed_lines": [160, 162, 163, 165, 166, 168, 170, 171, 172, 174, 177, 180], "summary": {"covered_lines": 12, "num_statements": 12, "percent_covered": 100.0, "percent_covered_display": "100", "missing_lines": 0, "excluded_lines": 0}, "missing_lines": [], "excluded_lines": []}, "TestZeroMQTCP.test_tee": {"executed_lines": [184, 186, 187, 189, 190, 192, 193, 194, 196, 198, 199, 200, 201, 203, 206, 209, 212], "summary": {"covered_lines": 17, "num_statements": 17, "percent_covered": 100.0, "percent_covered_display": "100", "missing_lines": 0, "excluded_lines": 0}, "missing_lines": [], "excluded_lines": []}, "TestZeroMQTCP.test_join": {"executed_lines": [216, 218, 219, 221, 222, 224, 225, 227, 229, 230, 231, 232, 234, 237, 240, 243], "summary": {"covered_lines": 16, "num_statements": 16, "percent_covered": 100.0, "percent_covered_display": "100", "missing_lines": 0, "excluded_lines": 0}, "missing_lines": [], "excluded_lines": []}, "TestZeroMQTCP.test_tee_and_join": {"executed_lines": [247, 249, 250, 252, 253, 255, 256, 258, 259, 260, 262, 264, 265, 266, 267, 268, 270, 273, 276, 279, 282], "summary": {"covered_lines": 21, "num_statements": 21, "percent_covered": 100.0, "percent_covered_display": "100", "missing_lines": 0, "excluded_lines": 0}, "missing_lines": [], "excluded_lines": []}, "TestZeroMQTCP.test_tee_and_join_topics": {"executed_lines": [286, 288, 289, 291, 292, 294, 295, 297, 298, 299, 301, 303, 304, 305, 306, 307, 309, 312, 315, 318, 321], "summary": {"covered_lines": 21, "num_statements": 21, "percent_covered": 100.0, "percent_covered_display": "100", "missing_lines": 0, "excluded_lines": 0}, "missing_lines": [], "excluded_lines": []}, "TestZeroMQTCP.test_tee_topics": {"executed_lines": [325, 327, 328, 330, 331, 333, 334, 336, 337, 339, 340, 341, 343, 345, 346, 348, 350, 351, 352, 354, 356, 358, 360, 361, 362, 364, 366, 368, 370, 371, 372, 374, 376, 378, 380, 381, 382, 384, 386, 388, 390, 391, 392, 394, 396, 398, 400, 401, 402, 404, 406, 408, 410, 411, 412, 414, 416, 418, 420, 421, 422, 424, 427, 430, 433, 436], "summary": {"covered_lines": 66, "num_statements": 66, "percent_covered": 100.0, "percent_covered_display": "100", "missing_lines": 0, "excluded_lines": 0}, "missing_lines": [], "excluded_lines": []}, "TestZeroMQTCP.test_join_topics": {"executed_lines": [440, 442, 443, 445, 446, 448, 449, 451, 452, 454, 456, 458, 459, 460, 461, 463, 465, 467, 469, 470, 471, 473, 475, 477, 479, 480, 481, 483, 485, 487, 489, 490, 491, 493, 495, 497, 499, 500, 501, 503, 505, 507, 509, 510, 511, 513, 515, 517, 519, 520, 521, 523, 525, 527, 529, 530, 531, 533, 535, 537, 540, 543, 546, 549], "summary": {"covered_lines": 64, "num_statements": 64, "percent_covered": 100.0, "percent_covered_display": "100", "missing_lines": 0, "excluded_lines": 0}, "missing_lines": [], "excluded_lines": []}, "TestZeroMQTCP.test_topics_multi_present_and_absent": {"executed_lines": [553, 555, 556, 558, 559, 561, 562, 564, 565, 567, 568, 570, 571, 573, 574, 575, 577, 579, 580, 581, 582, 583, 584, 585, 586, 587, 588, 590, 591, 592, 594, 596, 597, 598, 600, 603, 606, 609, 612, 615, 618], "summary": {"covered_lines": 41, "num_statements": 41, "percent_covered": 100.0, "percent_covered_display": "100", "missing_lines": 0, "excluded_lines": 0}, "missing_lines": [], "excluded_lines": []}, "TestZeroMQTCP.test_send_recv_ephemeral": {"executed_lines": [622, 624, 625, 627, 628, 630, 632, 633, 634, 636, 639, 642], "summary": {"covered_lines": 12, "num_statements": 12, "percent_covered": 100.0, "percent_covered_display": "100", "missing_lines": 0, "excluded_lines": 0}, "missing_lines": [], "excluded_lines": []}, "TestZeroMQTCP.test_tee_both_ephemeral": {"executed_lines": [646, 648, 649, 651, 652, 654, 655, 656, 658, 660, 661, 662, 664, 666, 667, 668, 669, 671, 673, 674, 675, 677, 680, 683, 686], "summary": {"covered_lines": 25, "num_statements": 25, "percent_covered": 100.0, "percent_covered_display": "100", "missing_lines": 0, "excluded_lines": 0}, "missing_lines": [], "excluded_lines": []}, "TestZeroMQTCP.test_tee_synced_and_ephemeral": {"executed_lines": [690, 692, 693, 695, 696, 698, 699, 700, 702, 704, 705, 706, 708, 710, 711, 712, 713, 714, 715, 716, 719, 720, 721, 723, 726, 729, 732], "summary": {"covered_lines": 27, "num_statements": 27, "percent_covered": 100.0, "percent_covered_display": "100", "missing_lines": 0, "excluded_lines": 0}, "missing_lines": [], "excluded_lines": []}, "TestZeroMQTCP.test_tee_doubly_ephemeral_and_ephemeral": {"executed_lines": [736, 738, 739, 741, 742, 744, 746, 748, 750, 752, 753, 755, 757, 759, 761, 763, 764, 766, 768, 770, 772, 773, 775, 777, 779, 781, 782, 784, 786, 788, 790, 791, 794, 797, 800], "summary": {"covered_lines": 35, "num_statements": 35, "percent_covered": 100.0, "percent_covered_display": "100", "missing_lines": 0, "excluded_lines": 0}, "missing_lines": [], "excluded_lines": []}, "TestZeroMQTCP.test_outputs_balance": {"executed_lines": [804, 806, 807, 809, 810, 812, 813, 815, 816, 817, 818, 820, 822, 823, 825, 827, 828, 829, 831, 833, 835, 837, 838, 839, 841, 843, 845, 847, 848, 849, 851, 854, 857, 860, 863], "summary": {"covered_lines": 35, "num_statements": 35, "percent_covered": 100.0, "percent_covered_display": "100", "missing_lines": 0, "excluded_lines": 0}, "missing_lines": [], "excluded_lines": []}, "TestZeroMQTCP.test_sources_balance": {"executed_lines": [867, 869, 870, 872, 873, 875, 876, 878, 879, 881, 883, 884, 886, 888, 890, 892, 894, 896, 898, 900, 902, 904, 906, 909, 912, 915, 918], "summary": {"covered_lines": 27, "num_statements": 27, "percent_covered": 100.0, "percent_covered_display": "100", "missing_lines": 0, "excluded_lines": 0}, "missing_lines": [], "excluded_lines": []}, "TestZeroMQTCP.test_outputs_balance_doubly_ephemeral_watch": {"executed_lines": [922, 924, 925, 927, 928, 930, 931, 933, 934, 936, 937, 939, 940, 942, 945, 946, 947, 948, 950, 952, 953, 955, 957, 958, 959, 960, 961, 962, 964, 966, 968, 970, 971, 972, 973, 974, 975, 977, 979, 981, 983, 984, 985, 986, 987, 988, 990, 993, 996, 999, 1002, 1005, 1008, 1011], "summary": {"covered_lines": 54, "num_statements": 54, "percent_covered": 100.0, "percent_covered_display": "100", "missing_lines": 0, "excluded_lines": 0}, "missing_lines": [], "excluded_lines": []}, "TestZeroMQTCP.test_send_recv_missing_topic_of_1": {"executed_lines": [1015, 1017, 1018, 1020, 1021, 1023, 1025, 1026, 1027, 1029, 1032, 1035], "summary": {"covered_lines": 12, "num_statements": 12, "percent_covered": 100.0, "percent_covered_display": "100", "missing_lines": 0, "excluded_lines": 0}, "missing_lines": [], "excluded_lines": []}, "TestZeroMQTCP.test_send_recv_missing_topic_of_2": {"executed_lines": [1039, 1041, 1042, 1044, 1045, 1047, 1049, 1050, 1051, 1053, 1056, 1059], "summary": {"covered_lines": 12, "num_statements": 12, "percent_covered": 100.0, "percent_covered_display": "100", "missing_lines": 0, "excluded_lines": 0}, "missing_lines": [], "excluded_lines": []}, "TestZeroMQTCP.test_send_recv_ephemeral_missing_topic_of_1": {"executed_lines": [1063, 1065, 1066, 1068, 1069, 1071, 1073, 1074, 1075, 1077, 1080, 1083], "summary": {"covered_lines": 12, "num_statements": 12, "percent_covered": 100.0, "percent_covered_display": "100", "missing_lines": 0, "excluded_lines": 0}, "missing_lines": [], "excluded_lines": []}, "TestZeroMQTCP.test_send_recv_ephemeral_missing_topic_of_2": {"executed_lines": [1087, 1089, 1090, 1092, 1093, 1095, 1097, 1098, 1099, 1101, 1104, 1107], "summary": {"covered_lines": 12, "num_statements": 12, "percent_covered": 100.0, "percent_covered_display": "100", "missing_lines": 0, "excluded_lines": 0}, "missing_lines": [], "excluded_lines": []}, "TestZeroMQTCP.test_duplicate_topics": {"executed_lines": [1111, 1113, 1114, 1116, 1117, 1119, 1120, 1122, 1124, 1125, 1127, 1129, 1132, 1135, 1138], "summary": {"covered_lines": 15, "num_statements": 15, "percent_covered": 100.0, "percent_covered_display": "100", "missing_lines": 0, "excluded_lines": 0}, "missing_lines": [], "excluded_lines": []}, "TestZeroMQTCP.test_state_msgid_ignore_and_ffwd": {"executed_lines": [1142, 1144, 1145, 1147, 1148, 1150, 1152, 1153, 1155, 1156, 1158, 1159, 1161, 1162, 1164, 1167, 1170], "summary": {"covered_lines": 17, "num_statements": 17, "percent_covered": 100.0, "percent_covered_display": "100", "missing_lines": 0, "excluded_lines": 0}, "missing_lines": [], "excluded_lines": []}, "TestZeroMQTCP.test_outs_required": {"executed_lines": [1174, 1176, 1177, 1179, 1180, 1182, 1184, 1186, 1188, 1189, 1191, 1193, 1195, 1197, 1198, 1200, 1202, 1204, 1205, 1206, 1209, 1212, 1215, 1218], "summary": {"covered_lines": 24, "num_statements": 24, "percent_covered": 100.0, "percent_covered_display": "100", "missing_lines": 0, "excluded_lines": 0}, "missing_lines": [], "excluded_lines": []}, "": {"executed_lines": [3, 4, 5, 6, 7, 8, 9, 11, 13, 16, 19, 22, 25, 28, 32, 33, 138, 139, 143, 144, 151, 152, 153, 154, 155, 156, 159, 183, 215, 246, 285, 324, 439, 552, 621, 645, 689, 735, 803, 866, 921, 1014, 1038, 1062, 1086, 1110, 1141, 1173, 1221, 1222, 1223, 1224, 1225, 1226, 1227, 1264], "summary": {"covered_lines": 55, "num_statements": 56, "percent_covered": 98.21428571428571, "percent_covered_display": "98", "missing_lines": 1, "excluded_lines": 0}, "missing_lines": [1265], "excluded_lines": []}}, "classes": {"TestZeroMQOld": {"executed_lines": [34, 35, 37, 38, 39, 41, 43, 45, 46, 47, 48, 49, 51, 52, 54, 55, 57, 59, 60, 61, 62, 63, 64, 67, 69, 71, 73, 74, 76, 77, 79, 81, 82, 83, 84, 86, 88, 90, 91, 93, 94, 95, 98, 100, 101, 102, 104, 105, 106, 107, 108, 110, 111, 112, 113, 114, 115, 118, 121, 123, 125, 127, 128, 131, 134, 135], "summary": {"covered_lines": 66, "num_statements": 66, "percent_covered": 100.0, "percent_covered_display": "100", "missing_lines": 0, "excluded_lines": 0}, "missing_lines": [], "excluded_lines": []}, "TestZeroMQTCP": {"executed_lines": [145, 146, 147, 148, 160, 162, 163, 165, 166, 168, 170, 171, 172, 174, 177, 180, 184, 186, 187, 189, 190, 192, 193, 194, 196, 198, 199, 200, 201, 203, 206, 209, 212, 216, 218, 219, 221, 222, 224, 225, 227, 229, 230, 231, 232, 234, 237, 240, 243, 247, 249, 250, 252, 253, 255, 256, 258, 259, 260, 262, 264, 265, 266, 267, 268, 270, 273, 276, 279, 282, 286, 288, 289, 291, 292, 294, 295, 297, 298, 299, 301, 303, 304, 305, 306, 307, 309, 312, 315, 318, 321, 325, 327, 328, 330, 331, 333, 334, 336, 337, 339, 340, 341, 343, 345, 346, 348, 350, 351, 352, 354, 356, 358, 360, 361, 362, 364, 366, 368, 370, 371, 372, 374, 376, 378, 380, 381, 382, 384, 386, 388, 390, 391, 392, 394, 396, 398, 400, 401, 402, 404, 406, 408, 410, 411, 412, 414, 416, 418, 420, 421, 422, 424, 427, 430, 433, 436, 440, 442, 443, 445, 446, 448, 449, 451, 452, 454, 456, 458, 459, 460, 461, 463, 465, 467, 469, 470, 471, 473, 475, 477, 479, 480, 481, 483, 485, 487, 489, 490, 491, 493, 495, 497, 499, 500, 501, 503, 505, 507, 509, 510, 511, 513, 515, 517, 519, 520, 521, 523, 525, 527, 529, 530, 531, 533, 535, 537, 540, 543, 546, 549, 553, 555, 556, 558, 559, 561, 562, 564, 565, 567, 568, 570, 571, 573, 574, 575, 577, 579, 580, 581, 582, 583, 584, 585, 586, 587, 588, 590, 591, 592, 594, 596, 597, 598, 600, 603, 606, 609, 612, 615, 618, 622, 624, 625, 627, 628, 630, 632, 633, 634, 636, 639, 642, 646, 648, 649, 651, 652, 654, 655, 656, 658, 660, 661, 662, 664, 666, 667, 668, 669, 671, 673, 674, 675, 677, 680, 683, 686, 690, 692, 693, 695, 696, 698, 699, 700, 702, 704, 705, 706, 708, 710, 711, 712, 713, 714, 715, 716, 719, 720, 721, 723, 726, 729, 732, 736, 738, 739, 741, 742, 744, 746, 748, 750, 752, 753, 755, 757, 759, 761, 763, 764, 766, 768, 770, 772, 773, 775, 777, 779, 781, 782, 784, 786, 788, 790, 791, 794, 797, 800, 804, 806, 807, 809, 810, 812, 813, 815, 816, 817, 818, 820, 822, 823, 825, 827, 828, 829, 831, 833, 835, 837, 838, 839, 841, 843, 845, 847, 848, 849, 851, 854, 857, 860, 863, 867, 869, 870, 872, 873, 875, 876, 878, 879, 881, 883, 884, 886, 888, 890, 892, 894, 896, 898, 900, 902, 904, 906, 909, 912, 915, 918, 922, 924, 925, 927, 928, 930, 931, 933, 934, 936, 937, 939, 940, 942, 945, 946, 947, 948, 950, 952, 953, 955, 957, 958, 959, 960, 961, 962, 964, 966, 968, 970, 971, 972, 973, 974, 975, 977, 979, 981, 983, 984, 985, 986, 987, 988, 990, 993, 996, 999, 1002, 1005, 1008, 1011, 1015, 1017, 1018, 1020, 1021, 1023, 1025, 1026, 1027, 1029, 1032, 1035, 1039, 1041, 1042, 1044, 1045, 1047, 1049, 1050, 1051, 1053, 1056, 1059, 1063, 1065, 1066, 1068, 1069, 1071, 1073, 1074, 1075, 1077, 1080, 1083, 1087, 1089, 1090, 1092, 1093, 1095, 1097, 1098, 1099, 1101, 1104, 1107, 1111, 1113, 1114, 1116, 1117, 1119, 1120, 1122, 1124, 1125, 1127, 1129, 1132, 1135, 1138, 1142, 1144, 1145, 1147, 1148, 1150, 1152, 1153, 1155, 1156, 1158, 1159, 1161, 1162, 1164, 1167, 1170, 1174, 1176, 1177, 1179, 1180, 1182, 1184, 1186, 1188, 1189, 1191, 1193, 1195, 1197, 1198, 1200, 1202, 1204, 1205, 1206, 1209, 1212, 1215, 1218], "summary": {"covered_lines": 581, "num_statements": 581, "percent_covered": 100.0, "percent_covered_display": "100", "missing_lines": 0, "excluded_lines": 0}, "missing_lines": [], "excluded_lines": []}, "TestZeroMQIPC": {"executed_lines": [], "summary": {"covered_lines": 0, "num_statements": 0, "percent_covered": 100.0, "percent_covered_display": "100", "missing_lines": 0, "excluded_lines": 0}, "missing_lines": [], "excluded_lines": []}, "": {"executed_lines": [3, 4, 5, 6, 7, 8, 9, 11, 13, 16, 17, 19, 20, 22, 23, 25, 26, 28, 29, 32, 33, 138, 139, 143, 144, 151, 152, 153, 154, 155, 156, 159, 183, 215, 246, 285, 324, 439, 552, 621, 645, 689, 735, 803, 866, 921, 1014, 1038, 1062, 1086, 1110, 1141, 1173, 1221, 1222, 1223, 1224, 1225, 1226, 1227, 1264], "summary": {"covered_lines": 60, "num_statements": 61, "percent_covered": 98.36065573770492, "percent_covered_display": "98", "missing_lines": 1, "excluded_lines": 0}, "missing_lines": [1265], "excluded_lines": []}}}}, "totals": {"covered_lines": 3710, "num_statements": 3754, "percent_covered": 98.8279168886521, "percent_covered_display": "99", "missing_lines": 44, "excluded_lines": 0}}